mode: count
github.com/dereklstinson/GoCudnn/cudaMemory.go:41.76,43.2 1 0
github.com/dereklstinson/GoCudnn/cudaMemory.go:54.49,56.34 2 0
github.com/dereklstinson/GoCudnn/cudaMemory.go:59.2,59.14 1 0
github.com/dereklstinson/GoCudnn/cudaMemory.go:56.34,58.3 1 0
github.com/dereklstinson/GoCudnn/cudaMemory.go:63.50,67.16 4 0
github.com/dereklstinson/GoCudnn/cudaMemory.go:70.2,71.28 2 0
github.com/dereklstinson/GoCudnn/cudaMemory.go:74.2,80.8 1 0
github.com/dereklstinson/GoCudnn/cudaMemory.go:67.16,69.3 1 0
github.com/dereklstinson/GoCudnn/cudaMemory.go:71.28,73.3 1 0
github.com/dereklstinson/GoCudnn/cudaMemory.go:84.45,87.2 2 3
github.com/dereklstinson/GoCudnn/cudaMemory.go:90.57,93.16 3 0
github.com/dereklstinson/GoCudnn/cudaMemory.go:96.2,97.16 2 0
github.com/dereklstinson/GoCudnn/cudaMemory.go:100.2,100.27 1 0
github.com/dereklstinson/GoCudnn/cudaMemory.go:104.2,104.24 1 0
github.com/dereklstinson/GoCudnn/cudaMemory.go:108.2,108.58 1 0
github.com/dereklstinson/GoCudnn/cudaMemory.go:93.16,95.3 1 0
github.com/dereklstinson/GoCudnn/cudaMemory.go:97.16,99.3 1 0
github.com/dereklstinson/GoCudnn/cudaMemory.go:100.27,103.3 1 0
github.com/dereklstinson/GoCudnn/cudaMemory.go:104.24,106.3 1 0
github.com/dereklstinson/GoCudnn/cudaMemory.go:115.43,116.16 1 10
github.com/dereklstinson/GoCudnn/cudaMemory.go:119.2,119.16 1 10
github.com/dereklstinson/GoCudnn/cudaMemory.go:116.16,118.3 1 0
github.com/dereklstinson/GoCudnn/cudaMemory.go:123.40,124.22 1 0
github.com/dereklstinson/GoCudnn/cudaMemory.go:127.2,127.24 1 0
github.com/dereklstinson/GoCudnn/cudaMemory.go:130.2,130.27 1 0
github.com/dereklstinson/GoCudnn/cudaMemory.go:133.2,133.10 1 0
github.com/dereklstinson/GoCudnn/cudaMemory.go:124.22,126.3 1 0
github.com/dereklstinson/GoCudnn/cudaMemory.go:127.24,129.3 1 0
github.com/dereklstinson/GoCudnn/cudaMemory.go:130.27,132.3 1 0
github.com/dereklstinson/GoCudnn/cudaMemory.go:138.39,139.16 1 0
github.com/dereklstinson/GoCudnn/cudaMemory.go:142.2,142.22 1 0
github.com/dereklstinson/GoCudnn/cudaMemory.go:145.2,145.17 1 0
github.com/dereklstinson/GoCudnn/cudaMemory.go:139.16,141.3 1 0
github.com/dereklstinson/GoCudnn/cudaMemory.go:142.22,144.3 1 0
github.com/dereklstinson/GoCudnn/cudaMemory.go:149.35,150.24 1 2
github.com/dereklstinson/GoCudnn/cudaMemory.go:156.2,160.37 5 2
github.com/dereklstinson/GoCudnn/cudaMemory.go:150.24,155.3 4 0
github.com/dereklstinson/GoCudnn/cudaMemory.go:172.56,173.22 1 0
github.com/dereklstinson/GoCudnn/cudaMemory.go:174.17,175.26 1 0
github.com/dereklstinson/GoCudnn/cudaMemory.go:176.17,177.26 1 0
github.com/dereklstinson/GoCudnn/cudaMemory.go:178.13,179.22 1 0
github.com/dereklstinson/GoCudnn/cudaMemory.go:180.14,181.23 1 0
github.com/dereklstinson/GoCudnn/cudaMemory.go:182.15,183.24 1 0
github.com/dereklstinson/GoCudnn/cudaMemory.go:184.16,185.25 1 0
github.com/dereklstinson/GoCudnn/cudaMemory.go:186.14,187.23 1 0
github.com/dereklstinson/GoCudnn/cudaMemory.go:188.14,189.23 1 0
github.com/dereklstinson/GoCudnn/cudaMemory.go:190.10,191.38 1 0
github.com/dereklstinson/GoCudnn/cudaMemory.go:197.58,199.16 2 0
github.com/dereklstinson/GoCudnn/cudaMemory.go:202.2,202.31 1 0
github.com/dereklstinson/GoCudnn/cudaMemory.go:205.2,206.16 2 0
github.com/dereklstinson/GoCudnn/cudaMemory.go:209.2,210.16 2 0
github.com/dereklstinson/GoCudnn/cudaMemory.go:213.2,213.26 1 0
github.com/dereklstinson/GoCudnn/cudaMemory.go:218.2,218.27 1 0
github.com/dereklstinson/GoCudnn/cudaMemory.go:256.2,256.12 1 0
github.com/dereklstinson/GoCudnn/cudaMemory.go:199.16,201.3 1 0
github.com/dereklstinson/GoCudnn/cudaMemory.go:202.31,204.3 1 0
github.com/dereklstinson/GoCudnn/cudaMemory.go:206.16,208.3 1 0
github.com/dereklstinson/GoCudnn/cudaMemory.go:210.16,212.3 1 0
github.com/dereklstinson/GoCudnn/cudaMemory.go:213.26,216.3 1 0
github.com/dereklstinson/GoCudnn/cudaMemory.go:219.17,221.31 2 0
github.com/dereklstinson/GoCudnn/cudaMemory.go:224.15,226.31 2 0
github.com/dereklstinson/GoCudnn/cudaMemory.go:229.13,231.31 2 0
github.com/dereklstinson/GoCudnn/cudaMemory.go:234.17,236.31 2 0
github.com/dereklstinson/GoCudnn/cudaMemory.go:239.16,241.31 2 0
github.com/dereklstinson/GoCudnn/cudaMemory.go:244.14,246.31 2 0
github.com/dereklstinson/GoCudnn/cudaMemory.go:249.14,251.31 2 0
github.com/dereklstinson/GoCudnn/cudaMemory.go:221.31,223.4 1 0
github.com/dereklstinson/GoCudnn/cudaMemory.go:226.31,228.4 1 0
github.com/dereklstinson/GoCudnn/cudaMemory.go:231.31,233.4 1 0
github.com/dereklstinson/GoCudnn/cudaMemory.go:236.31,238.4 1 0
github.com/dereklstinson/GoCudnn/cudaMemory.go:241.31,243.4 1 0
github.com/dereklstinson/GoCudnn/cudaMemory.go:246.31,248.4 1 0
github.com/dereklstinson/GoCudnn/cudaMemory.go:251.31,253.4 1 0
github.com/dereklstinson/GoCudnn/cudaMemory.go:259.50,260.27 1 0
github.com/dereklstinson/GoCudnn/cudaMemory.go:261.17,262.11 1 0
github.com/dereklstinson/GoCudnn/cudaMemory.go:263.10,264.13 1 0
github.com/dereklstinson/GoCudnn/cudaMemory.go:268.50,269.27 1 0
github.com/dereklstinson/GoCudnn/cudaMemory.go:270.17,271.11 1 0
github.com/dereklstinson/GoCudnn/cudaMemory.go:272.10,273.13 1 0
github.com/dereklstinson/GoCudnn/cudaMemory.go:277.42,278.27 1 0
github.com/dereklstinson/GoCudnn/cudaMemory.go:279.13,280.11 1 0
github.com/dereklstinson/GoCudnn/cudaMemory.go:281.10,282.13 1 0
github.com/dereklstinson/GoCudnn/cudaMemory.go:286.44,287.27 1 0
github.com/dereklstinson/GoCudnn/cudaMemory.go:288.14,289.11 1 0
github.com/dereklstinson/GoCudnn/cudaMemory.go:290.10,291.13 1 0
github.com/dereklstinson/GoCudnn/cudaMemory.go:295.46,296.27 1 0
github.com/dereklstinson/GoCudnn/cudaMemory.go:297.15,298.11 1 0
github.com/dereklstinson/GoCudnn/cudaMemory.go:299.10,300.13 1 0
github.com/dereklstinson/GoCudnn/cudaMemory.go:304.48,305.27 1 0
github.com/dereklstinson/GoCudnn/cudaMemory.go:306.16,307.11 1 0
github.com/dereklstinson/GoCudnn/cudaMemory.go:308.10,309.13 1 0
github.com/dereklstinson/GoCudnn/cudaMemory.go:313.44,314.27 1 0
github.com/dereklstinson/GoCudnn/cudaMemory.go:315.14,316.11 1 0
github.com/dereklstinson/GoCudnn/cudaMemory.go:317.10,318.13 1 0
github.com/dereklstinson/GoCudnn/cudaMemory.go:322.44,323.27 1 0
github.com/dereklstinson/GoCudnn/cudaMemory.go:324.14,325.11 1 0
github.com/dereklstinson/GoCudnn/cudaMemory.go:326.10,327.13 1 0
github.com/dereklstinson/GoCudnn/cudaMemory.go:332.40,333.20 1 0
github.com/dereklstinson/GoCudnn/cudaMemory.go:336.2,336.16 1 0
github.com/dereklstinson/GoCudnn/cudaMemory.go:339.2,339.17 1 0
github.com/dereklstinson/GoCudnn/cudaMemory.go:333.20,335.3 1 0
github.com/dereklstinson/GoCudnn/cudaMemory.go:336.16,338.3 1 0
github.com/dereklstinson/GoCudnn/cudaMemory.go:343.44,344.16 1 4
github.com/dereklstinson/GoCudnn/cudaMemory.go:347.2,347.16 1 4
github.com/dereklstinson/GoCudnn/cudaMemory.go:344.16,346.3 1 0
github.com/dereklstinson/GoCudnn/cudaMemory.go:351.41,352.20 1 0
github.com/dereklstinson/GoCudnn/cudaMemory.go:355.2,355.10 1 0
github.com/dereklstinson/GoCudnn/cudaMemory.go:352.20,354.3 1 0
github.com/dereklstinson/GoCudnn/cudaMemory.go:359.36,364.2 4 0
github.com/dereklstinson/GoCudnn/cudaMemory.go:367.59,372.29 4 2
github.com/dereklstinson/GoCudnn/cudaMemory.go:373.13,380.17 5 0
github.com/dereklstinson/GoCudnn/cudaMemory.go:383.3,383.19 1 0
github.com/dereklstinson/GoCudnn/cudaMemory.go:384.14,390.17 5 0
github.com/dereklstinson/GoCudnn/cudaMemory.go:393.3,393.19 1 0
github.com/dereklstinson/GoCudnn/cudaMemory.go:395.14,401.17 5 0
github.com/dereklstinson/GoCudnn/cudaMemory.go:404.3,404.19 1 0
github.com/dereklstinson/GoCudnn/cudaMemory.go:405.17,411.17 5 0
github.com/dereklstinson/GoCudnn/cudaMemory.go:414.3,414.19 1 0
github.com/dereklstinson/GoCudnn/cudaMemory.go:415.17,421.17 5 2
github.com/dereklstinson/GoCudnn/cudaMemory.go:424.3,424.19 1 2
github.com/dereklstinson/GoCudnn/cudaMemory.go:425.15,431.17 5 0
github.com/dereklstinson/GoCudnn/cudaMemory.go:434.3,434.19 1 0
github.com/dereklstinson/GoCudnn/cudaMemory.go:435.16,441.17 5 0
github.com/dereklstinson/GoCudnn/cudaMemory.go:444.3,444.19 1 0
github.com/dereklstinson/GoCudnn/cudaMemory.go:446.11,451.17 4 0
github.com/dereklstinson/GoCudnn/cudaMemory.go:454.3,454.19 1 0
github.com/dereklstinson/GoCudnn/cudaMemory.go:455.12,460.17 4 0
github.com/dereklstinson/GoCudnn/cudaMemory.go:463.3,463.19 1 0
github.com/dereklstinson/GoCudnn/cudaMemory.go:465.12,470.17 4 0
github.com/dereklstinson/GoCudnn/cudaMemory.go:473.3,473.19 1 0
github.com/dereklstinson/GoCudnn/cudaMemory.go:474.15,479.17 4 0
github.com/dereklstinson/GoCudnn/cudaMemory.go:482.3,482.19 1 0
github.com/dereklstinson/GoCudnn/cudaMemory.go:483.15,488.17 4 0
github.com/dereklstinson/GoCudnn/cudaMemory.go:491.3,491.19 1 0
github.com/dereklstinson/GoCudnn/cudaMemory.go:492.13,497.17 4 0
github.com/dereklstinson/GoCudnn/cudaMemory.go:500.3,500.19 1 0
github.com/dereklstinson/GoCudnn/cudaMemory.go:501.14,506.17 4 0
github.com/dereklstinson/GoCudnn/cudaMemory.go:509.3,509.19 1 0
github.com/dereklstinson/GoCudnn/cudaMemory.go:510.12,515.19 4 0
github.com/dereklstinson/GoCudnn/cudaMemory.go:516.15,521.19 4 0
github.com/dereklstinson/GoCudnn/cudaMemory.go:522.14,527.19 4 0
github.com/dereklstinson/GoCudnn/cudaMemory.go:528.13,533.19 4 0
github.com/dereklstinson/GoCudnn/cudaMemory.go:534.10,536.88 2 0
github.com/dereklstinson/GoCudnn/cudaMemory.go:380.17,382.4 1 0
github.com/dereklstinson/GoCudnn/cudaMemory.go:390.17,392.4 1 0
github.com/dereklstinson/GoCudnn/cudaMemory.go:401.17,403.4 1 0
github.com/dereklstinson/GoCudnn/cudaMemory.go:411.17,413.4 1 0
github.com/dereklstinson/GoCudnn/cudaMemory.go:421.17,423.4 1 0
github.com/dereklstinson/GoCudnn/cudaMemory.go:431.17,433.4 1 0
github.com/dereklstinson/GoCudnn/cudaMemory.go:441.17,443.4 1 0
github.com/dereklstinson/GoCudnn/cudaMemory.go:451.17,453.4 1 0
github.com/dereklstinson/GoCudnn/cudaMemory.go:460.17,462.4 1 0
github.com/dereklstinson/GoCudnn/cudaMemory.go:470.17,472.4 1 0
github.com/dereklstinson/GoCudnn/cudaMemory.go:479.17,481.4 1 0
github.com/dereklstinson/GoCudnn/cudaMemory.go:488.17,490.4 1 0
github.com/dereklstinson/GoCudnn/cudaMemory.go:497.17,499.4 1 0
github.com/dereklstinson/GoCudnn/cudaMemory.go:506.17,508.4 1 0
github.com/dereklstinson/GoCudnn/cudaMemory.go:541.77,544.2 2 4
github.com/dereklstinson/GoCudnn/cudaMemory.go:555.50,562.2 5 2
github.com/dereklstinson/GoCudnn/cudaMemory.go:565.54,570.16 5 0
github.com/dereklstinson/GoCudnn/cudaMemory.go:573.2,575.18 3 0
github.com/dereklstinson/GoCudnn/cudaMemory.go:570.16,572.3 1 0
github.com/dereklstinson/GoCudnn/cudaMemory.go:585.34,585.56 1 0
github.com/dereklstinson/GoCudnn/cudaMemory.go:588.47,590.2 1 0
github.com/dereklstinson/GoCudnn/cudaMemory.go:593.45,595.2 1 0
github.com/dereklstinson/GoCudnn/cudaMemory.go:598.55,600.2 1 0
github.com/dereklstinson/GoCudnn/cudaMemory.go:603.57,605.2 1 0
github.com/dereklstinson/GoCudnn/cudaMemory.go:608.74,615.2 5 0
github.com/dereklstinson/GoCudnn/cudaMemory.go:616.49,618.2 1 0
github.com/dereklstinson/GoCudnn/cudaMemory.go:621.50,622.29 1 2
github.com/dereklstinson/GoCudnn/cudaMemory.go:623.13,624.34 1 0
github.com/dereklstinson/GoCudnn/cudaMemory.go:625.14,626.30 1 0
github.com/dereklstinson/GoCudnn/cudaMemory.go:627.14,628.30 1 0
github.com/dereklstinson/GoCudnn/cudaMemory.go:629.17,630.34 1 0
github.com/dereklstinson/GoCudnn/cudaMemory.go:631.17,632.34 1 2
github.com/dereklstinson/GoCudnn/cudaMemory.go:633.15,634.34 1 0
github.com/dereklstinson/GoCudnn/cudaMemory.go:635.16,636.34 1 0
github.com/dereklstinson/GoCudnn/cudaMemory.go:637.11,638.23 1 0
github.com/dereklstinson/GoCudnn/cudaMemory.go:639.12,640.23 1 0
github.com/dereklstinson/GoCudnn/cudaMemory.go:641.12,642.23 1 0
github.com/dereklstinson/GoCudnn/cudaMemory.go:643.15,644.23 1 0
github.com/dereklstinson/GoCudnn/cudaMemory.go:645.15,646.23 1 0
github.com/dereklstinson/GoCudnn/cudaMemory.go:647.13,648.23 1 0
github.com/dereklstinson/GoCudnn/cudaMemory.go:649.14,650.23 1 0
github.com/dereklstinson/GoCudnn/cudaMemory.go:651.10,652.61 1 0
github.com/dereklstinson/GoCudnn/cudaMemory.go:676.49,678.2 1 0
github.com/dereklstinson/GoCudnn/cudaMemory.go:681.51,683.2 1 2
github.com/dereklstinson/GoCudnn/cudaMemory.go:686.51,688.2 1 2
github.com/dereklstinson/GoCudnn/cudaMemory.go:691.53,693.2 1 0
github.com/dereklstinson/GoCudnn/cudaMemory.go:696.46,698.2 1 0
github.com/dereklstinson/GoCudnn/cudaMemory.go:699.47,699.82 1 4
github.com/dereklstinson/GoCudnn/cudaMemory.go:702.60,705.38 3 0
github.com/dereklstinson/GoCudnn/cudaMemory.go:708.2,708.23 1 0
github.com/dereklstinson/GoCudnn/cudaMemory.go:705.38,707.3 1 0
github.com/dereklstinson/GoCudnn/cudaMemory.go:710.24,711.72 1 0
github.com/dereklstinson/GoCudnn/cudaMemory.go:713.19,714.23 1 0
github.com/dereklstinson/GoCudnn/cudaMemory.go:723.22,724.23 1 0
github.com/dereklstinson/GoCudnn/cudaMemory.go:735.18,736.23 1 0
github.com/dereklstinson/GoCudnn/cudaMemory.go:747.20,748.23 1 0
github.com/dereklstinson/GoCudnn/cudaMemory.go:759.10,760.65 1 0
github.com/dereklstinson/GoCudnn/cudaMemory.go:715.20,716.27 1 0
github.com/dereklstinson/GoCudnn/cudaMemory.go:717.23,718.27 1 0
github.com/dereklstinson/GoCudnn/cudaMemory.go:719.11,720.63 1 0
github.com/dereklstinson/GoCudnn/cudaMemory.go:725.23,726.66 1 0
github.com/dereklstinson/GoCudnn/cudaMemory.go:727.19,728.32 1 0
github.com/dereklstinson/GoCudnn/cudaMemory.go:730.21,731.30 1 0
github.com/dereklstinson/GoCudnn/cudaMemory.go:732.11,733.66 1 0
github.com/dereklstinson/GoCudnn/cudaMemory.go:737.19,738.34 1 0
github.com/dereklstinson/GoCudnn/cudaMemory.go:739.23,740.32 1 0
github.com/dereklstinson/GoCudnn/cudaMemory.go:741.21,742.32 1 0
github.com/dereklstinson/GoCudnn/cudaMemory.go:743.11,744.63 1 0
github.com/dereklstinson/GoCudnn/cudaMemory.go:749.21,750.30 1 0
github.com/dereklstinson/GoCudnn/cudaMemory.go:751.23,752.30 1 0
github.com/dereklstinson/GoCudnn/cudaMemory.go:753.19,754.32 1 0
github.com/dereklstinson/GoCudnn/cudaMemory.go:755.11,756.63 1 0
github.com/dereklstinson/GoCudnn/cudaMemory.go:766.37,767.11 1 0
github.com/dereklstinson/GoCudnn/cudaMemory.go:779.2,779.16 1 0
github.com/dereklstinson/GoCudnn/cudaMemory.go:768.9,769.31 1 0
github.com/dereklstinson/GoCudnn/cudaMemory.go:770.9,771.27 1 0
github.com/dereklstinson/GoCudnn/cudaMemory.go:772.9,773.31 1 0
github.com/dereklstinson/GoCudnn/cudaMemory.go:774.9,775.29 1 0
github.com/dereklstinson/GoCudnn/cudaMemory.go:776.9,777.34 1 0
github.com/dereklstinson/GoCudnn/cudaMemory.go:790.47,792.2 1 0
github.com/dereklstinson/GoCudnn/cudaMemory.go:795.45,797.2 1 0
github.com/dereklstinson/GoCudnn/cudaMemory.go:800.41,802.2 1 0
github.com/dereklstinson/GoCudnn/cudaMemory.go:805.43,807.2 1 0
github.com/dereklstinson/GoCudnn/cudaMemory.go:810.42,812.2 1 0
github.com/dereklstinson/GoCudnn/cudaerrors.go:105.57,107.2 1 1
github.com/dereklstinson/GoCudnn/cudaerrors.go:113.61,114.24 1 11
github.com/dereklstinson/GoCudnn/cudaerrors.go:117.2,117.55 1 0
github.com/dereklstinson/GoCudnn/cudaerrors.go:114.24,116.3 1 11
github.com/dereklstinson/GoCudnn/cudaerrors.go:120.55,121.27 1 1
github.com/dereklstinson/GoCudnn/cudaerrors.go:124.2,129.3 2 0
github.com/dereklstinson/GoCudnn/cudaerrors.go:121.27,123.3 1 1
github.com/dereklstinson/GoCudnn/cudaerrors.go:133.32,135.2 1 0
github.com/dereklstinson/GoCudnn/cudnnAlgorithm.go:22.39,22.71 1 0
github.com/dereklstinson/GoCudnn/cudnnAlgorithm.go:25.72,33.2 3 0
github.com/dereklstinson/GoCudnn/cudnnAlgorithm.go:36.63,43.2 2 0
github.com/dereklstinson/GoCudnn/cudnnAlgorithm.go:46.62,53.2 3 0
github.com/dereklstinson/GoCudnn/cudnnAlgorithm.go:56.69,62.16 3 0
github.com/dereklstinson/GoCudnn/cudnnAlgorithm.go:65.2,67.8 1 0
github.com/dereklstinson/GoCudnn/cudnnAlgorithm.go:62.16,64.3 1 0
github.com/dereklstinson/GoCudnn/cudnnAlgorithm.go:71.48,73.2 1 0
github.com/dereklstinson/GoCudnn/cudnnAlgorithm.go:76.104,85.2 3 0
github.com/dereklstinson/GoCudnn/cudnnAlgorithm.go:89.102,103.2 6 0
github.com/dereklstinson/GoCudnn/cudnnAlgorithm.go:106.59,111.2 1 0
github.com/dereklstinson/GoCudnn/cudnnAlgorithm.go:113.87,116.28 3 0
github.com/dereklstinson/GoCudnn/cudnnAlgorithm.go:120.2,120.15 1 0
github.com/dereklstinson/GoCudnn/cudnnAlgorithm.go:116.28,119.3 2 0
github.com/dereklstinson/GoCudnn/cudnnAlgorithm.go:128.92,132.2 3 0
github.com/dereklstinson/GoCudnn/cudnnAlgorithm.go:135.92,142.2 1 0
github.com/dereklstinson/GoCudnn/cudnnAlgorithm.go:145.95,152.2 1 0
github.com/dereklstinson/GoCudnn/cudnnCTCLoss.go:20.35,24.2 3 0
github.com/dereklstinson/GoCudnn/cudnnCTCLoss.go:32.75,35.16 3 0
github.com/dereklstinson/GoCudnn/cudnnCTCLoss.go:38.2,39.16 2 0
github.com/dereklstinson/GoCudnn/cudnnCTCLoss.go:42.2,44.8 1 0
github.com/dereklstinson/GoCudnn/cudnnCTCLoss.go:35.16,37.3 1 0
github.com/dereklstinson/GoCudnn/cudnnCTCLoss.go:39.16,41.3 1 0
github.com/dereklstinson/GoCudnn/cudnnCTCLoss.go:48.54,53.2 3 0
github.com/dereklstinson/GoCudnn/cudnnCTCLoss.go:56.46,58.2 1 0
github.com/dereklstinson/GoCudnn/cudnnCTCLoss.go:68.54,70.2 1 0
github.com/dereklstinson/GoCudnn/cudnnCTCLoss.go:73.57,75.2 1 0
github.com/dereklstinson/GoCudnn/cudnnCTCLoss.go:77.47,79.2 1 0
github.com/dereklstinson/GoCudnn/cudnnCTCLoss.go:101.9,121.2 5 0
github.com/dereklstinson/GoCudnn/cudnnCTCLoss.go:133.18,150.2 6 0
github.com/dereklstinson/GoCudnn/cudnnFilter.go:26.38,28.2 1 0
github.com/dereklstinson/GoCudnn/cudnnFilter.go:39.108,40.21 1 0
github.com/dereklstinson/GoCudnn/cudnnFilter.go:43.2,46.16 4 0
github.com/dereklstinson/GoCudnn/cudnnFilter.go:49.2,50.16 2 0
github.com/dereklstinson/GoCudnn/cudnnFilter.go:53.2,55.16 3 0
github.com/dereklstinson/GoCudnn/cudnnFilter.go:59.2,60.16 2 0
github.com/dereklstinson/GoCudnn/cudnnFilter.go:64.2,72.19 1 0
github.com/dereklstinson/GoCudnn/cudnnFilter.go:40.21,42.3 1 0
github.com/dereklstinson/GoCudnn/cudnnFilter.go:46.16,48.3 1 0
github.com/dereklstinson/GoCudnn/cudnnFilter.go:50.16,52.3 1 0
github.com/dereklstinson/GoCudnn/cudnnFilter.go:55.16,57.3 1 0
github.com/dereklstinson/GoCudnn/cudnnFilter.go:60.16,62.3 1 0
github.com/dereklstinson/GoCudnn/cudnnFilter.go:76.108,77.20 1 0
github.com/dereklstinson/GoCudnn/cudnnFilter.go:80.2,83.16 4 0
github.com/dereklstinson/GoCudnn/cudnnFilter.go:86.2,87.16 2 0
github.com/dereklstinson/GoCudnn/cudnnFilter.go:90.2,93.16 4 0
github.com/dereklstinson/GoCudnn/cudnnFilter.go:96.2,97.16 2 0
github.com/dereklstinson/GoCudnn/cudnnFilter.go:101.2,109.19 1 0
github.com/dereklstinson/GoCudnn/cudnnFilter.go:77.20,79.3 1 0
github.com/dereklstinson/GoCudnn/cudnnFilter.go:83.16,85.3 1 0
github.com/dereklstinson/GoCudnn/cudnnFilter.go:87.16,89.3 1 0
github.com/dereklstinson/GoCudnn/cudnnFilter.go:93.16,95.3 1 0
github.com/dereklstinson/GoCudnn/cudnnFilter.go:97.16,99.3 1 0
github.com/dereklstinson/GoCudnn/cudnnFilter.go:113.76,118.20 5 0
github.com/dereklstinson/GoCudnn/cudnnFilter.go:127.2,127.70 1 0
github.com/dereklstinson/GoCudnn/cudnnFilter.go:118.20,120.3 1 0
github.com/dereklstinson/GoCudnn/cudnnFilter.go:120.8,120.27 1 0
github.com/dereklstinson/GoCudnn/cudnnFilter.go:120.27,123.3 2 0
github.com/dereklstinson/GoCudnn/cudnnFilter.go:123.8,125.3 1 0
github.com/dereklstinson/GoCudnn/cudnnFilter.go:131.45,136.17 4 0
github.com/dereklstinson/GoCudnn/cudnnFilter.go:140.2,141.17 2 0
github.com/dereklstinson/GoCudnn/cudnnFilter.go:144.2,144.26 1 0
github.com/dereklstinson/GoCudnn/cudnnFilter.go:150.2,150.22 1 0
github.com/dereklstinson/GoCudnn/cudnnFilter.go:153.2,153.22 1 0
github.com/dereklstinson/GoCudnn/cudnnFilter.go:156.2,156.12 1 0
github.com/dereklstinson/GoCudnn/cudnnFilter.go:136.17,138.3 1 0
github.com/dereklstinson/GoCudnn/cudnnFilter.go:141.17,143.3 1 0
github.com/dereklstinson/GoCudnn/cudnnFilter.go:144.26,145.24 1 0
github.com/dereklstinson/GoCudnn/cudnnFilter.go:148.3,148.57 1 0
github.com/dereklstinson/GoCudnn/cudnnFilter.go:145.24,147.4 1 0
github.com/dereklstinson/GoCudnn/cudnnFilter.go:150.22,152.3 1 0
github.com/dereklstinson/GoCudnn/cudnnFilter.go:153.22,155.3 1 0
github.com/dereklstinson/GoCudnn/cudnnLibproprtpe.go:23.63,27.2 3 0
github.com/dereklstinson/GoCudnn/cudnnLibproprtpe.go:30.38,32.2 1 0
github.com/dereklstinson/GoCudnn/xTrainer.go:46.82,52.2 1 0
github.com/dereklstinson/GoCudnn/xTrainer.go:55.51,57.2 1 0
github.com/dereklstinson/GoCudnn/xTrainer.go:60.51,62.2 1 0
github.com/dereklstinson/GoCudnn/xTrainer.go:65.49,67.2 1 0
github.com/dereklstinson/GoCudnn/xTrainer.go:79.54,81.2 1 0
github.com/dereklstinson/GoCudnn/xTrainer.go:84.54,86.2 1 0
github.com/dereklstinson/GoCudnn/xTrainer.go:89.52,91.2 1 0
github.com/dereklstinson/GoCudnn/xTrainer.go:94.50,96.2 1 0
github.com/dereklstinson/GoCudnn/xTrainer.go:99.86,107.2 1 0
github.com/dereklstinson/GoCudnn/xTrainer.go:117.49,119.2 1 0
github.com/dereklstinson/GoCudnn/xTrainer.go:122.49,124.2 1 0
github.com/dereklstinson/GoCudnn/xTrainer.go:127.51,129.2 1 0
github.com/dereklstinson/GoCudnn/xTrainer.go:132.52,135.2 1 0
github.com/dereklstinson/GoCudnn/xTrainer.go:145.50,147.2 1 0
github.com/dereklstinson/GoCudnn/xTrainer.go:150.51,152.2 1 0
github.com/dereklstinson/GoCudnn/xTrainer.go:155.47,157.2 1 0
github.com/dereklstinson/GoCudnn/xTrainer.go:158.41,161.11 3 0
github.com/dereklstinson/GoCudnn/xTrainer.go:169.2,169.24 1 0
github.com/dereklstinson/GoCudnn/xTrainer.go:162.16,163.18 1 0
github.com/dereklstinson/GoCudnn/xTrainer.go:164.20,165.22 1 0
github.com/dereklstinson/GoCudnn/xTrainer.go:166.19,167.21 1 0
github.com/dereklstinson/GoCudnn/xTrainer.go:173.125,179.13 5 0
github.com/dereklstinson/GoCudnn/xTrainer.go:191.2,193.14 3 0
github.com/dereklstinson/GoCudnn/xTrainer.go:204.2,206.14 3 0
github.com/dereklstinson/GoCudnn/xTrainer.go:213.2,214.16 2 0
github.com/dereklstinson/GoCudnn/xTrainer.go:217.2,218.16 2 0
github.com/dereklstinson/GoCudnn/xTrainer.go:221.2,221.16 1 0
github.com/dereklstinson/GoCudnn/xTrainer.go:224.2,231.8 1 0
github.com/dereklstinson/GoCudnn/xTrainer.go:180.17,181.21 1 0
github.com/dereklstinson/GoCudnn/xTrainer.go:182.17,183.21 1 0
github.com/dereklstinson/GoCudnn/xTrainer.go:184.19,185.23 1 0
github.com/dereklstinson/GoCudnn/xTrainer.go:186.20,187.24 1 0
github.com/dereklstinson/GoCudnn/xTrainer.go:188.10,189.57 1 0
github.com/dereklstinson/GoCudnn/xTrainer.go:194.23,195.25 1 0
github.com/dereklstinson/GoCudnn/xTrainer.go:196.22,197.24 1 0
github.com/dereklstinson/GoCudnn/xTrainer.go:198.19,199.21 1 0
github.com/dereklstinson/GoCudnn/xTrainer.go:200.10,201.55 1 0
github.com/dereklstinson/GoCudnn/xTrainer.go:208.18,208.18 0 0
github.com/dereklstinson/GoCudnn/xTrainer.go:210.10,211.72 1 0
github.com/dereklstinson/GoCudnn/xTrainer.go:214.16,216.3 1 0
github.com/dereklstinson/GoCudnn/xTrainer.go:218.16,220.3 1 0
github.com/dereklstinson/GoCudnn/xTrainer.go:221.16,223.3 1 0
github.com/dereklstinson/GoCudnn/xTrainer.go:235.85,237.2 1 0
github.com/dereklstinson/GoCudnn/xTrainer.go:238.171,240.2 1 0
github.com/dereklstinson/GoCudnn/xTrainer.go:243.96,245.16 2 0
github.com/dereklstinson/GoCudnn/xTrainer.go:252.2,254.160 2 0
github.com/dereklstinson/GoCudnn/xTrainer.go:246.30,247.40 1 0
github.com/dereklstinson/GoCudnn/xTrainer.go:248.10,249.40 1 0
github.com/dereklstinson/GoCudnn/xTrainer.go:259.98,262.17 3 0
github.com/dereklstinson/GoCudnn/xTrainer.go:284.2,285.16 2 0
github.com/dereklstinson/GoCudnn/xTrainer.go:292.2,294.16 2 0
github.com/dereklstinson/GoCudnn/xTrainer.go:323.2,323.12 1 0
github.com/dereklstinson/GoCudnn/xTrainer.go:262.17,263.106 1 0
github.com/dereklstinson/GoCudnn/xTrainer.go:263.106,270.4 6 0
github.com/dereklstinson/GoCudnn/xTrainer.go:272.8,273.71 1 0
github.com/dereklstinson/GoCudnn/xTrainer.go:273.71,280.4 5 0
github.com/dereklstinson/GoCudnn/xTrainer.go:286.20,287.40 1 0
github.com/dereklstinson/GoCudnn/xTrainer.go:288.10,289.40 1 0
github.com/dereklstinson/GoCudnn/xTrainer.go:295.33,298.17 2 0
github.com/dereklstinson/GoCudnn/xTrainer.go:301.3,302.20 2 0
github.com/dereklstinson/GoCudnn/xTrainer.go:306.3,306.13 1 0
github.com/dereklstinson/GoCudnn/xTrainer.go:308.37,311.17 3 0
github.com/dereklstinson/GoCudnn/xTrainer.go:314.36,317.17 3 0
github.com/dereklstinson/GoCudnn/xTrainer.go:320.10,321.49 1 0
github.com/dereklstinson/GoCudnn/xTrainer.go:298.17,300.4 1 0
github.com/dereklstinson/GoCudnn/xTrainer.go:302.20,304.4 1 0
github.com/dereklstinson/GoCudnn/xTrainer.go:311.17,313.4 1 0
github.com/dereklstinson/GoCudnn/xTrainer.go:317.17,319.4 1 0
github.com/dereklstinson/GoCudnn/cudaContext.go:40.73,43.17 2 0
github.com/dereklstinson/GoCudnn/cudaContext.go:54.2,57.16 3 0
github.com/dereklstinson/GoCudnn/cudaContext.go:60.2,62.8 1 0
github.com/dereklstinson/GoCudnn/cudaContext.go:43.17,47.17 3 0
github.com/dereklstinson/GoCudnn/cudaContext.go:50.3,52.9 1 0
github.com/dereklstinson/GoCudnn/cudaContext.go:47.17,49.4 1 0
github.com/dereklstinson/GoCudnn/cudaContext.go:57.16,59.3 1 0
github.com/dereklstinson/GoCudnn/cudaContext.go:66.54,71.16 4 0
github.com/dereklstinson/GoCudnn/cudaContext.go:74.2,76.8 1 0
github.com/dereklstinson/GoCudnn/cudaContext.go:71.16,73.3 1 0
github.com/dereklstinson/GoCudnn/cudaContext.go:81.54,85.2 3 0
github.com/dereklstinson/GoCudnn/cudaContext.go:90.50,93.16 3 0
github.com/dereklstinson/GoCudnn/cudaContext.go:96.2,98.8 1 0
github.com/dereklstinson/GoCudnn/cudaContext.go:93.16,95.3 1 0
github.com/dereklstinson/GoCudnn/cudaContext.go:102.39,104.2 1 0
github.com/dereklstinson/GoCudnn/cudaContext.go:107.31,109.2 1 0
github.com/dereklstinson/GoCudnn/cudaContext.go:112.32,114.2 1 0
github.com/dereklstinson/GoCudnn/cudaContext.go:117.35,120.2 1 0
github.com/dereklstinson/GoCudnn/cudnn.go:21.29,21.51 1 9
github.com/dereklstinson/GoCudnn/cudnn.go:31.61,33.15 2 0
github.com/dereklstinson/GoCudnn/cudnn.go:34.18,35.22 1 0
github.com/dereklstinson/GoCudnn/cudnn.go:36.17,37.21 1 0
github.com/dereklstinson/GoCudnn/cudnn.go:38.17,39.19 1 0
github.com/dereklstinson/GoCudnn/cudnn.go:40.16,41.20 1 0
github.com/dereklstinson/GoCudnn/cudnn.go:42.17,43.21 1 0
github.com/dereklstinson/GoCudnn/cudnn.go:44.10,45.13 1 0
github.com/dereklstinson/GoCudnn/cudnn.go:53.52,54.28 1 0
github.com/dereklstinson/GoCudnn/cudnn.go:55.15,56.20 1 0
github.com/dereklstinson/GoCudnn/cudnn.go:57.15,58.19 1 0
github.com/dereklstinson/GoCudnn/cudnn.go:59.11,60.17 1 0
github.com/dereklstinson/GoCudnn/cudnn.go:61.13,62.17 1 0
github.com/dereklstinson/GoCudnn/cudnn.go:63.12,64.18 1 0
github.com/dereklstinson/GoCudnn/cudnn.go:65.13,66.19 1 0
github.com/dereklstinson/GoCudnn/cudnn.go:67.14,68.18 1 0
github.com/dereklstinson/GoCudnn/cudnn.go:69.12,70.18 1 0
github.com/dereklstinson/GoCudnn/cudnn.go:71.12,72.16 1 0
github.com/dereklstinson/GoCudnn/cudnn.go:75.3,75.17 1 0
github.com/dereklstinson/GoCudnn/cudnn.go:77.15,78.11 1 0
github.com/dereklstinson/GoCudnn/cudnn.go:80.10,81.13 1 0
github.com/dereklstinson/GoCudnn/cudnn.go:72.16,74.4 1 0
github.com/dereklstinson/GoCudnn/cudnn.go:88.29,88.50 1 0
github.com/dereklstinson/GoCudnn/cudnn.go:91.39,91.68 1 4
github.com/dereklstinson/GoCudnn/cudnn.go:94.29,94.41 1 0
github.com/dereklstinson/GoCudnn/cudnn.go:99.31,99.53 1 0
github.com/dereklstinson/GoCudnn/cudnn.go:102.40,102.69 1 0
github.com/dereklstinson/GoCudnn/cudnn.go:105.30,105.42 1 0
github.com/dereklstinson/GoCudnn/cudnn.go:110.25,110.44 1 0
github.com/dereklstinson/GoCudnn/cudnn.go:113.37,113.66 1 0
github.com/dereklstinson/GoCudnn/cudnn.go:116.27,116.39 1 0
github.com/dereklstinson/GoCudnn/cudnn.go:122.38,122.67 1 0
github.com/dereklstinson/GoCudnn/cudnn.go:125.28,125.40 1 0
github.com/dereklstinson/GoCudnn/cudnn.go:126.28,126.48 1 0
github.com/dereklstinson/GoCudnn/cudnn.go:131.27,131.47 1 0
github.com/dereklstinson/GoCudnn/cudnn.go:134.38,134.67 1 0
github.com/dereklstinson/GoCudnn/cudnn.go:137.28,137.40 1 0
github.com/dereklstinson/GoCudnn/cudnn.go:142.29,142.50 1 0
github.com/dereklstinson/GoCudnn/cudnn.go:145.29,145.41 1 0
github.com/dereklstinson/GoCudnn/cudnn.go:148.39,148.68 1 0
github.com/dereklstinson/GoCudnn/cudnn.go:157.38,159.2 1 0
github.com/dereklstinson/GoCudnn/cudnn.go:162.46,164.2 1 0
github.com/dereklstinson/GoCudnn/cudnn.go:167.50,169.2 1 0
github.com/dereklstinson/GoCudnn/cudnn.go:172.47,174.2 1 0
github.com/dereklstinson/GoCudnn/cudnn.go:176.49,176.84 1 0
github.com/dereklstinson/GoCudnn/cudnn.go:179.25,181.2 1 0
github.com/dereklstinson/GoCudnn/cudnn.go:184.32,186.2 1 0
github.com/dereklstinson/GoCudnn/cudnn.go:189.93,192.16 2 0
github.com/dereklstinson/GoCudnn/cudnn.go:198.2,198.63 1 0
github.com/dereklstinson/GoCudnn/cudnn.go:192.16,196.3 2 0
github.com/dereklstinson/GoCudnn/cudnnReduce.go:24.56,24.98 1 0
github.com/dereklstinson/GoCudnn/cudnnReduce.go:27.50,27.92 1 0
github.com/dereklstinson/GoCudnn/cudnnReduce.go:30.54,30.100 1 0
github.com/dereklstinson/GoCudnn/cudnnReduce.go:33.60,35.2 1 0
github.com/dereklstinson/GoCudnn/cudnnReduce.go:38.55,38.104 1 0
github.com/dereklstinson/GoCudnn/cudnnReduce.go:41.204,45.14 3 0
github.com/dereklstinson/GoCudnn/cudnnReduce.go:49.2,58.6 2 0
github.com/dereklstinson/GoCudnn/cudnnReduce.go:45.14,47.3 1 0
github.com/dereklstinson/GoCudnn/cudnnReduce.go:62.64,66.2 2 0
github.com/dereklstinson/GoCudnn/cudnnReduce.go:79.46,81.2 1 0
github.com/dereklstinson/GoCudnn/cudnnReduce.go:82.65,87.2 3 0
github.com/dereklstinson/GoCudnn/cudnnReduce.go:92.40,97.2 3 0
github.com/dereklstinson/GoCudnn/cudnnReduce.go:102.40,107.2 3 0
github.com/dereklstinson/GoCudnn/cudnnReduce.go:121.18,123.40 2 0
github.com/dereklstinson/GoCudnn/cudnnReduce.go:144.2,144.40 1 0
github.com/dereklstinson/GoCudnn/cudnnReduce.go:123.40,127.3 1 0
github.com/dereklstinson/GoCudnn/cudnnReduce.go:127.8,127.47 1 0
github.com/dereklstinson/GoCudnn/cudnnReduce.go:127.47,132.3 1 0
github.com/dereklstinson/GoCudnn/cudnnReduce.go:132.8,132.47 1 0
github.com/dereklstinson/GoCudnn/cudnnReduce.go:132.47,137.3 1 0
github.com/dereklstinson/GoCudnn/cudnnReduce.go:137.8,142.3 1 0
github.com/dereklstinson/GoCudnn/cudnnReduce.go:157.53,159.2 1 0
github.com/dereklstinson/GoCudnn/cudnnReduce.go:166.50,168.2 1 0
github.com/dereklstinson/GoCudnn/cudnnReduce.go:171.50,173.2 1 0
github.com/dereklstinson/GoCudnn/cudnnReduce.go:176.50,178.2 1 0
github.com/dereklstinson/GoCudnn/cudnnReduce.go:181.50,183.2 1 0
github.com/dereklstinson/GoCudnn/cudnnReduce.go:186.51,188.2 1 0
github.com/dereklstinson/GoCudnn/cudnnReduce.go:191.50,193.2 1 0
github.com/dereklstinson/GoCudnn/cudnnReduce.go:196.52,198.2 1 0
github.com/dereklstinson/GoCudnn/cudnnReduce.go:201.52,203.2 1 0
github.com/dereklstinson/GoCudnn/cudnnReduce.go:206.57,208.2 1 0
github.com/dereklstinson/GoCudnn/cudnnReduce.go:218.66,221.2 1 0
github.com/dereklstinson/GoCudnn/cudnnReduce.go:224.74,227.2 1 0
github.com/dereklstinson/GoCudnn/cudnnReduce.go:229.63,231.2 1 0
github.com/dereklstinson/GoCudnn/cudnnReduce.go:241.52,243.2 1 0
github.com/dereklstinson/GoCudnn/cudnnReduce.go:246.52,248.2 1 0
github.com/dereklstinson/GoCudnn/cudnnReduce.go:251.52,253.2 1 0
github.com/dereklstinson/GoCudnn/cudnnReduce.go:256.51,258.2 1 0
github.com/dereklstinson/GoCudnn/cudnnReduce.go:259.48,259.82 1 0
github.com/dereklstinson/GoCudnn/cudnnBatchNorm.go:23.99,24.38 1 0
github.com/dereklstinson/GoCudnn/cudnnBatchNorm.go:27.2,29.16 3 0
github.com/dereklstinson/GoCudnn/cudnnBatchNorm.go:32.2,33.16 2 0
github.com/dereklstinson/GoCudnn/cudnnBatchNorm.go:36.2,39.8 1 0
github.com/dereklstinson/GoCudnn/cudnnBatchNorm.go:24.38,26.3 1 0
github.com/dereklstinson/GoCudnn/cudnnBatchNorm.go:29.16,31.3 1 0
github.com/dereklstinson/GoCudnn/cudnnBatchNorm.go:33.16,35.3 1 0
github.com/dereklstinson/GoCudnn/cudnnBatchNorm.go:158.9,178.2 1 0
github.com/dereklstinson/GoCudnn/cudnnBatchNorm.go:258.9,275.2 1 0
github.com/dereklstinson/GoCudnn/cudnnBatchNorm.go:305.9,327.2 1 0
github.com/dereklstinson/GoCudnn/cudnnBatchNorm.go:337.60,339.2 1 0
github.com/dereklstinson/GoCudnn/cudnnBatchNorm.go:342.54,344.2 1 0
github.com/dereklstinson/GoCudnn/cudnnBatchNorm.go:347.64,349.2 1 0
github.com/dereklstinson/GoCudnn/cudnnBatchNorm.go:350.53,350.91 1 0
github.com/dereklstinson/GoCudnn/cudnnConvolution.go:63.144,64.76 1 0
github.com/dereklstinson/GoCudnn/cudnnConvolution.go:67.2,69.16 3 0
github.com/dereklstinson/GoCudnn/cudnnConvolution.go:72.2,79.16 7 0
github.com/dereklstinson/GoCudnn/cudnnConvolution.go:82.2,82.71 1 0
github.com/dereklstinson/GoCudnn/cudnnConvolution.go:64.76,66.3 1 0
github.com/dereklstinson/GoCudnn/cudnnConvolution.go:69.16,71.3 1 0
github.com/dereklstinson/GoCudnn/cudnnConvolution.go:79.16,81.3 1 0
github.com/dereklstinson/GoCudnn/cudnnConvolution.go:86.144,87.75 1 0
github.com/dereklstinson/GoCudnn/cudnnConvolution.go:90.2,92.16 3 0
github.com/dereklstinson/GoCudnn/cudnnConvolution.go:95.2,103.16 8 0
github.com/dereklstinson/GoCudnn/cudnnConvolution.go:106.2,106.74 1 0
github.com/dereklstinson/GoCudnn/cudnnConvolution.go:87.75,89.3 1 0
github.com/dereklstinson/GoCudnn/cudnnConvolution.go:92.16,94.3 1 0
github.com/dereklstinson/GoCudnn/cudnnConvolution.go:103.16,105.3 1 0
github.com/dereklstinson/GoCudnn/cudnnConvolution.go:110.102,111.19 1 0
github.com/dereklstinson/GoCudnn/cudnnConvolution.go:135.2,142.114 8 0
github.com/dereklstinson/GoCudnn/cudnnConvolution.go:111.19,133.3 19 0
github.com/dereklstinson/GoCudnn/cudnnConvolution.go:147.62,152.2 2 0
github.com/dereklstinson/GoCudnn/cudnnConvolution.go:155.61,159.2 2 0
github.com/dereklstinson/GoCudnn/cudnnConvolution.go:162.107,170.2 4 0
github.com/dereklstinson/GoCudnn/cudnnConvolution.go:173.107,178.2 3 0
github.com/dereklstinson/GoCudnn/cudnnConvolution.go:181.50,184.2 2 0
github.com/dereklstinson/GoCudnn/cudnnConvolution.go:189.41,194.2 3 0
github.com/dereklstinson/GoCudnn/cudnnConvolution.go:209.110,218.2 8 0
github.com/dereklstinson/GoCudnn/cudnnConvolution.go:220.36,221.13 1 0
github.com/dereklstinson/GoCudnn/cudnnConvolution.go:222.60,223.34 1 0
github.com/dereklstinson/GoCudnn/cudnnConvolution.go:224.60,225.34 1 0
github.com/dereklstinson/GoCudnn/cudnnConvolution.go:226.62,227.36 1 0
github.com/dereklstinson/GoCudnn/cudnnConvolution.go:228.69,229.42 1 0
github.com/dereklstinson/GoCudnn/cudnnConvolution.go:230.67,231.41 1 0
github.com/dereklstinson/GoCudnn/cudnnConvolution.go:232.76,233.49 1 0
github.com/dereklstinson/GoCudnn/cudnnConvolution.go:234.64,235.38 1 0
github.com/dereklstinson/GoCudnn/cudnnConvolution.go:237.10,238.31 1 0
github.com/dereklstinson/GoCudnn/cudnnConvolution.go:286.107,291.2 3 0
github.com/dereklstinson/GoCudnn/cudnnConvolution.go:301.66,315.53 5 0
github.com/dereklstinson/GoCudnn/cudnnConvolution.go:319.2,319.21 1 0
github.com/dereklstinson/GoCudnn/cudnnConvolution.go:315.53,318.3 1 0
github.com/dereklstinson/GoCudnn/cudnnConvolution.go:329.74,342.53 5 0
github.com/dereklstinson/GoCudnn/cudnnConvolution.go:346.2,346.21 1 0
github.com/dereklstinson/GoCudnn/cudnnConvolution.go:342.53,345.3 1 0
github.com/dereklstinson/GoCudnn/cudnnConvolution.go:356.67,366.2 3 0
github.com/dereklstinson/GoCudnn/cudnnConvolution.go:376.66,389.53 5 0
github.com/dereklstinson/GoCudnn/cudnnConvolution.go:393.2,393.21 1 0
github.com/dereklstinson/GoCudnn/cudnnConvolution.go:389.53,392.3 1 0
github.com/dereklstinson/GoCudnn/cudnnConvolution.go:403.39,414.2 3 0
github.com/dereklstinson/GoCudnn/cudnnConvolution.go:429.9,430.19 1 0
github.com/dereklstinson/GoCudnn/cudnnConvolution.go:447.2,461.37 1 0
github.com/dereklstinson/GoCudnn/cudnnConvolution.go:430.19,446.3 1 0
github.com/dereklstinson/GoCudnn/cudnnConvolution.go:472.9,481.2 1 0
github.com/dereklstinson/GoCudnn/cudnnConvolution.go:484.40,488.2 3 0
github.com/dereklstinson/GoCudnn/cudnnConvolution.go:490.35,491.12 1 0
github.com/dereklstinson/GoCudnn/cudnnConvolution.go:492.62,493.34 1 0
github.com/dereklstinson/GoCudnn/cudnnConvolution.go:494.62,495.34 1 0
github.com/dereklstinson/GoCudnn/cudnnConvolution.go:496.64,497.36 1 0
github.com/dereklstinson/GoCudnn/cudnnConvolution.go:498.62,499.34 1 0
github.com/dereklstinson/GoCudnn/cudnnConvolution.go:500.69,501.40 1 0
github.com/dereklstinson/GoCudnn/cudnnConvolution.go:502.78,503.41 1 0
github.com/dereklstinson/GoCudnn/cudnnConvolution.go:504.71,505.42 1 0
github.com/dereklstinson/GoCudnn/cudnnConvolution.go:506.66,507.38 1 0
github.com/dereklstinson/GoCudnn/cudnnConvolution.go:508.10,509.31 1 0
github.com/dereklstinson/GoCudnn/cudnnConvolution.go:523.112,532.2 8 0
github.com/dereklstinson/GoCudnn/cudnnConvolution.go:581.109,587.2 3 0
github.com/dereklstinson/GoCudnn/cudnnConvolution.go:597.18,599.2 1 0
github.com/dereklstinson/GoCudnn/cudnnConvolution.go:610.41,624.53 5 0
github.com/dereklstinson/GoCudnn/cudnnConvolution.go:628.2,628.21 1 0
github.com/dereklstinson/GoCudnn/cudnnConvolution.go:624.53,627.3 1 0
github.com/dereklstinson/GoCudnn/cudnnConvolution.go:638.74,650.53 5 0
github.com/dereklstinson/GoCudnn/cudnnConvolution.go:654.2,654.21 1 0
github.com/dereklstinson/GoCudnn/cudnnConvolution.go:650.53,653.3 1 0
github.com/dereklstinson/GoCudnn/cudnnConvolution.go:664.69,674.2 3 0
github.com/dereklstinson/GoCudnn/cudnnConvolution.go:684.66,697.53 5 0
github.com/dereklstinson/GoCudnn/cudnnConvolution.go:701.2,701.21 1 0
github.com/dereklstinson/GoCudnn/cudnnConvolution.go:697.53,700.3 1 0
github.com/dereklstinson/GoCudnn/cudnnConvolution.go:711.39,722.2 3 0
github.com/dereklstinson/GoCudnn/cudnnConvolution.go:738.9,739.19 1 0
github.com/dereklstinson/GoCudnn/cudnnConvolution.go:756.2,770.44 1 0
github.com/dereklstinson/GoCudnn/cudnnConvolution.go:739.19,755.3 1 0
github.com/dereklstinson/GoCudnn/cudnnConvolution.go:774.35,778.2 3 0
github.com/dereklstinson/GoCudnn/cudnnConvolution.go:780.40,782.11 2 0
github.com/dereklstinson/GoCudnn/cudnnConvolution.go:805.2,805.10 1 0
github.com/dereklstinson/GoCudnn/cudnnConvolution.go:783.63,784.22 1 0
github.com/dereklstinson/GoCudnn/cudnnConvolution.go:785.71,786.30 1 0
github.com/dereklstinson/GoCudnn/cudnnConvolution.go:787.54,788.13 1 0
github.com/dereklstinson/GoCudnn/cudnnConvolution.go:789.56,790.15 1 0
github.com/dereklstinson/GoCudnn/cudnnConvolution.go:791.53,792.12 1 0
github.com/dereklstinson/GoCudnn/cudnnConvolution.go:793.60,794.19 1 0
github.com/dereklstinson/GoCudnn/cudnnConvolution.go:795.58,796.17 1 0
github.com/dereklstinson/GoCudnn/cudnnConvolution.go:797.67,798.25 1 0
github.com/dereklstinson/GoCudnn/cudnnConvolution.go:799.55,800.14 1 0
github.com/dereklstinson/GoCudnn/cudnnConvolution.go:801.10,802.78 1 0
github.com/dereklstinson/GoCudnn/cudnnConvolution.go:809.65,822.35 12 0
github.com/dereklstinson/GoCudnn/cudnnConvolution.go:822.35,824.3 1 0
github.com/dereklstinson/GoCudnn/cudnnConvolution.go:837.98,847.2 8 0
github.com/dereklstinson/GoCudnn/cudnnConvolution.go:854.102,859.2 3 0
github.com/dereklstinson/GoCudnn/cudnnConvolution.go:869.62,874.53 5 0
github.com/dereklstinson/GoCudnn/cudnnConvolution.go:878.2,878.21 1 0
github.com/dereklstinson/GoCudnn/cudnnConvolution.go:874.53,877.3 1 0
github.com/dereklstinson/GoCudnn/cudnnConvolution.go:892.50,898.53 5 0
github.com/dereklstinson/GoCudnn/cudnnConvolution.go:902.2,902.21 1 0
github.com/dereklstinson/GoCudnn/cudnnConvolution.go:898.53,901.3 1 0
github.com/dereklstinson/GoCudnn/cudnnConvolution.go:913.41,917.2 3 0
github.com/dereklstinson/GoCudnn/cudnnConvolution.go:927.62,932.53 5 0
github.com/dereklstinson/GoCudnn/cudnnConvolution.go:936.2,936.21 1 0
github.com/dereklstinson/GoCudnn/cudnnConvolution.go:932.53,935.3 1 0
github.com/dereklstinson/GoCudnn/cudnnConvolution.go:946.35,950.2 3 0
github.com/dereklstinson/GoCudnn/cudnnConvolution.go:966.17,967.19 1 0
github.com/dereklstinson/GoCudnn/cudnnConvolution.go:971.2,972.129 1 0
github.com/dereklstinson/GoCudnn/cudnnConvolution.go:967.19,970.3 1 0
github.com/dereklstinson/GoCudnn/cudnnConvolution.go:995.9,996.19 1 0
github.com/dereklstinson/GoCudnn/cudnnConvolution.go:1019.2,1039.47 1 0
github.com/dereklstinson/GoCudnn/cudnnConvolution.go:996.19,1018.3 1 0
github.com/dereklstinson/GoCudnn/cudnnConvolution.go:1088.60,1090.2 1 0
github.com/dereklstinson/GoCudnn/cudnnConvolution.go:1093.65,1095.2 1 0
github.com/dereklstinson/GoCudnn/cudnnConvolution.go:1097.55,1097.93 1 0
github.com/dereklstinson/GoCudnn/cudnnConvolution.go:1115.60,1117.2 1 0
github.com/dereklstinson/GoCudnn/cudnnConvolution.go:1120.62,1122.2 1 0
github.com/dereklstinson/GoCudnn/cudnnConvolution.go:1125.70,1127.2 1 0
github.com/dereklstinson/GoCudnn/cudnnConvolution.go:1129.70,1131.2 1 0
github.com/dereklstinson/GoCudnn/cudnnConvolution.go:1149.54,1151.2 1 0
github.com/dereklstinson/GoCudnn/cudnnConvolution.go:1154.54,1156.2 1 0
github.com/dereklstinson/GoCudnn/cudnnConvolution.go:1159.52,1161.2 1 0
github.com/dereklstinson/GoCudnn/cudnnConvolution.go:1164.58,1166.2 1 0
github.com/dereklstinson/GoCudnn/cudnnConvolution.go:1169.57,1171.2 1 0
github.com/dereklstinson/GoCudnn/cudnnConvolution.go:1174.65,1176.2 1 0
github.com/dereklstinson/GoCudnn/cudnnConvolution.go:1179.54,1181.2 1 0
github.com/dereklstinson/GoCudnn/cudnnConvolution.go:1183.64,1185.2 1 0
github.com/dereklstinson/GoCudnn/cudnnConvolution.go:1203.64,1205.2 1 0
github.com/dereklstinson/GoCudnn/cudnnConvolution.go:1208.64,1210.2 1 0
github.com/dereklstinson/GoCudnn/cudnnConvolution.go:1213.74,1215.2 1 0
github.com/dereklstinson/GoCudnn/cudnnConvolution.go:1217.73,1219.2 1 0
github.com/dereklstinson/GoCudnn/cudnnConvolution.go:1237.54,1239.2 1 0
github.com/dereklstinson/GoCudnn/cudnnConvolution.go:1242.54,1244.2 1 0
github.com/dereklstinson/GoCudnn/cudnnConvolution.go:1247.52,1249.2 1 0
github.com/dereklstinson/GoCudnn/cudnnConvolution.go:1252.54,1254.2 1 0
github.com/dereklstinson/GoCudnn/cudnnConvolution.go:1257.57,1259.2 1 0
github.com/dereklstinson/GoCudnn/cudnnConvolution.go:1262.65,1264.2 1 0
github.com/dereklstinson/GoCudnn/cudnnConvolution.go:1267.58,1269.2 1 0
github.com/dereklstinson/GoCudnn/cudnnConvolution.go:1272.54,1274.2 1 0
github.com/dereklstinson/GoCudnn/cudnnConvolution.go:1275.65,1277.2 1 0
github.com/dereklstinson/GoCudnn/cudnnConvolution.go:1298.72,1300.2 1 0
github.com/dereklstinson/GoCudnn/cudnnConvolution.go:1303.74,1305.2 1 0
github.com/dereklstinson/GoCudnn/cudnnConvolution.go:1308.82,1310.2 1 0
github.com/dereklstinson/GoCudnn/cudnnConvolution.go:1328.53,1330.2 1 0
github.com/dereklstinson/GoCudnn/cudnnConvolution.go:1333.60,1335.2 1 0
github.com/dereklstinson/GoCudnn/cudnnConvolution.go:1338.45,1340.2 1 0
github.com/dereklstinson/GoCudnn/cudnnConvolution.go:1343.47,1345.2 1 0
github.com/dereklstinson/GoCudnn/cudnnConvolution.go:1348.44,1350.2 1 0
github.com/dereklstinson/GoCudnn/cudnnConvolution.go:1353.50,1355.2 1 0
github.com/dereklstinson/GoCudnn/cudnnConvolution.go:1358.49,1360.2 1 0
github.com/dereklstinson/GoCudnn/cudnnConvolution.go:1363.57,1365.2 1 0
github.com/dereklstinson/GoCudnn/cudnnConvolution.go:1368.46,1370.2 1 0
github.com/dereklstinson/GoCudnn/cudnnConvolution.go:1372.54,1374.2 1 0
github.com/dereklstinson/GoCudnn/cudnnTensor.go:18.38,19.44 1 0
github.com/dereklstinson/GoCudnn/cudnnTensor.go:22.2,22.30 1 0
github.com/dereklstinson/GoCudnn/cudnnTensor.go:19.44,21.3 1 0
github.com/dereklstinson/GoCudnn/cudnnTensor.go:43.68,45.34 2 0
github.com/dereklstinson/GoCudnn/cudnnTensor.go:48.2,48.14 1 0
github.com/dereklstinson/GoCudnn/cudnnTensor.go:45.34,47.3 1 0
github.com/dereklstinson/GoCudnn/cudnnTensor.go:52.46,54.2 1 0
github.com/dereklstinson/GoCudnn/cudnnTensor.go:57.108,58.21 1 1
github.com/dereklstinson/GoCudnn/cudnnTensor.go:61.2,63.16 3 1
github.com/dereklstinson/GoCudnn/cudnnTensor.go:66.2,67.16 2 1
github.com/dereklstinson/GoCudnn/cudnnTensor.go:70.2,70.87 1 1
github.com/dereklstinson/GoCudnn/cudnnTensor.go:58.21,60.3 1 0
github.com/dereklstinson/GoCudnn/cudnnTensor.go:63.16,65.3 1 0
github.com/dereklstinson/GoCudnn/cudnnTensor.go:67.16,69.3 1 0
github.com/dereklstinson/GoCudnn/cudnnTensor.go:74.97,75.41 1 2
github.com/dereklstinson/GoCudnn/cudnnTensor.go:79.2,81.16 3 2
github.com/dereklstinson/GoCudnn/cudnnTensor.go:84.2,85.16 2 2
github.com/dereklstinson/GoCudnn/cudnnTensor.go:88.2,88.75 1 2
github.com/dereklstinson/GoCudnn/cudnnTensor.go:75.41,77.3 1 0
github.com/dereklstinson/GoCudnn/cudnnTensor.go:81.16,83.3 1 0
github.com/dereklstinson/GoCudnn/cudnnTensor.go:85.16,87.3 1 0
github.com/dereklstinson/GoCudnn/cudnnTensor.go:93.95,94.31 1 0
github.com/dereklstinson/GoCudnn/cudnnTensor.go:97.2,97.40 1 0
github.com/dereklstinson/GoCudnn/cudnnTensor.go:100.2,102.16 3 0
github.com/dereklstinson/GoCudnn/cudnnTensor.go:105.2,109.16 5 0
github.com/dereklstinson/GoCudnn/cudnnTensor.go:113.2,113.69 1 0
github.com/dereklstinson/GoCudnn/cudnnTensor.go:94.31,96.3 1 0
github.com/dereklstinson/GoCudnn/cudnnTensor.go:97.40,99.3 1 0
github.com/dereklstinson/GoCudnn/cudnnTensor.go:102.16,104.3 1 0
github.com/dereklstinson/GoCudnn/cudnnTensor.go:109.16,111.3 1 0
github.com/dereklstinson/GoCudnn/cudnnTensor.go:117.110,118.20 1 0
github.com/dereklstinson/GoCudnn/cudnnTensor.go:121.2,123.16 3 0
github.com/dereklstinson/GoCudnn/cudnnTensor.go:126.2,130.16 4 0
github.com/dereklstinson/GoCudnn/cudnnTensor.go:133.2,133.71 1 0
github.com/dereklstinson/GoCudnn/cudnnTensor.go:118.20,120.3 1 0
github.com/dereklstinson/GoCudnn/cudnnTensor.go:123.16,125.3 1 0
github.com/dereklstinson/GoCudnn/cudnnTensor.go:130.16,132.3 1 0
github.com/dereklstinson/GoCudnn/cudnnTensor.go:137.53,138.38 1 0
github.com/dereklstinson/GoCudnn/cudnnTensor.go:141.2,141.52 1 0
github.com/dereklstinson/GoCudnn/cudnnTensor.go:138.38,140.3 1 0
github.com/dereklstinson/GoCudnn/cudnnTensor.go:146.70,150.19 4 0
github.com/dereklstinson/GoCudnn/cudnnTensor.go:160.2,160.101 1 0
github.com/dereklstinson/GoCudnn/cudnnTensor.go:150.19,154.3 2 0
github.com/dereklstinson/GoCudnn/cudnnTensor.go:154.8,154.26 1 0
github.com/dereklstinson/GoCudnn/cudnnTensor.go:154.26,158.3 3 0
github.com/dereklstinson/GoCudnn/cudnnTensor.go:164.51,169.2 3 2
github.com/dereklstinson/GoCudnn/cudnnTensor.go:174.45,178.2 1 3
github.com/dereklstinson/GoCudnn/cudnnTensor.go:202.123,207.2 3 2
github.com/dereklstinson/GoCudnn/cudnnTensor.go:217.117,221.2 2 0
github.com/dereklstinson/GoCudnn/cudnnTensor.go:224.83,226.2 1 0
github.com/dereklstinson/GoCudnn/cudnnTensor.go:229.85,233.2 2 0
github.com/dereklstinson/GoCudnn/cudnnTensor.go:260.55,261.18 1 0
github.com/dereklstinson/GoCudnn/cudnnTensor.go:262.36,263.19 1 0
github.com/dereklstinson/GoCudnn/cudnnTensor.go:264.37,265.20 1 0
github.com/dereklstinson/GoCudnn/cudnnTensor.go:266.35,267.18 1 0
github.com/dereklstinson/GoCudnn/cudnnTensor.go:268.36,269.17 1 0
github.com/dereklstinson/GoCudnn/cudnnTensor.go:270.10,271.17 1 0
github.com/dereklstinson/GoCudnn/cudnnTensor.go:276.40,278.2 1 2
github.com/dereklstinson/GoCudnn/cudnnTensor.go:281.41,283.2 1 0
github.com/dereklstinson/GoCudnn/cudnnTensor.go:286.39,288.2 1 0
github.com/dereklstinson/GoCudnn/cudnnTensor.go:291.40,293.2 1 0
github.com/dereklstinson/GoCudnn/cudnnTensor.go:296.40,298.2 1 0
github.com/dereklstinson/GoCudnn/cudnnTensor.go:300.41,300.72 1 0
github.com/dereklstinson/GoCudnn/cudnnTensor.go:318.45,320.2 1 0
github.com/dereklstinson/GoCudnn/cudnnTensor.go:323.50,325.2 1 0
github.com/dereklstinson/GoCudnn/cudnnTensor.go:327.44,327.78 1 0
github.com/dereklstinson/GoCudnn/cudnnTensor.go:345.62,347.2 1 0
github.com/dereklstinson/GoCudnn/cudnnTensor.go:350.59,352.2 1 1
github.com/dereklstinson/GoCudnn/cudnnTensor.go:354.53,354.90 1 1
github.com/dereklstinson/GoCudnn/cudnnTensor.go:372.44,372.93 1 0
github.com/dereklstinson/GoCudnn/cudnnTensor.go:375.46,375.91 1 0
github.com/dereklstinson/GoCudnn/cudnnTensor.go:377.47,377.81 1 0
github.com/dereklstinson/GoCudnn/cudnnTensor.go:379.38,380.49 1 0
github.com/dereklstinson/GoCudnn/cudnnTensor.go:383.2,383.25 1 0
github.com/dereklstinson/GoCudnn/cudnnTensor.go:380.49,382.3 1 0
github.com/dereklstinson/GoCudnn/cudnnTensor.go:402.47,404.2 1 1
github.com/dereklstinson/GoCudnn/cudnnTensor.go:407.47,409.2 1 0
github.com/dereklstinson/GoCudnn/cudnnTensor.go:412.52,414.2 1 0
github.com/dereklstinson/GoCudnn/cudnnTensor.go:422.49,422.84 1 0
github.com/dereklstinson/GoCudnn/cudnnhandle.go:21.48,23.2 1 0
github.com/dereklstinson/GoCudnn/cudnnhandle.go:26.26,31.16 3 1
github.com/dereklstinson/GoCudnn/cudnnhandle.go:34.2,36.16 3 1
github.com/dereklstinson/GoCudnn/cudnnhandle.go:31.16,32.13 1 0
github.com/dereklstinson/GoCudnn/cudnnhandle.go:38.36,40.2 1 0
github.com/dereklstinson/GoCudnn/cudnnhandle.go:43.38,48.2 2 0
github.com/dereklstinson/GoCudnn/cudnnhandle.go:51.39,56.2 2 0
github.com/dereklstinson/GoCudnn/cudnnhandle.go:62.50,67.2 2 0
github.com/dereklstinson/GoCudnn/cudnnhandle.go:70.51,78.2 5 0
github.com/dereklstinson/GoCudnn/cudaModule..go:33.33,33.47 1 0
github.com/dereklstinson/GoCudnn/cudaModule..go:38.60,46.2 4 0
github.com/dereklstinson/GoCudnn/cudaModule..go:49.57,57.2 4 0
github.com/dereklstinson/GoCudnn/cudaModule..go:60.33,65.2 3 0
github.com/dereklstinson/GoCudnn/cudaModule..go:68.46,69.22 1 0
github.com/dereklstinson/GoCudnn/cudaModule..go:72.2,74.34 3 0
github.com/dereklstinson/GoCudnn/cudaModule..go:69.22,71.3 1 0
github.com/dereklstinson/GoCudnn/cudaModule..go:78.43,79.22 1 0
github.com/dereklstinson/GoCudnn/cudaModule..go:82.2,85.36 3 0
github.com/dereklstinson/GoCudnn/cudaModule..go:79.22,81.3 1 0
github.com/dereklstinson/GoCudnn/cudaModule..go:89.69,91.23 2 0
github.com/dereklstinson/GoCudnn/cudaModule..go:95.2,97.16 3 0
github.com/dereklstinson/GoCudnn/cudaModule..go:100.2,104.8 1 0
github.com/dereklstinson/GoCudnn/cudaModule..go:91.23,93.3 1 0
github.com/dereklstinson/GoCudnn/cudaModule..go:97.16,99.3 1 0
github.com/dereklstinson/GoCudnn/cudaModule..go:117.55,119.2 1 0
github.com/dereklstinson/GoCudnn/cudaModule..go:122.107,126.16 2 0
github.com/dereklstinson/GoCudnn/cudaModule..go:131.2,135.41 5 0
github.com/dereklstinson/GoCudnn/cudaModule..go:144.2,144.16 1 0
github.com/dereklstinson/GoCudnn/cudaModule..go:148.2,150.19 2 0
github.com/dereklstinson/GoCudnn/cudaModule..go:156.2,168.5 1 0
github.com/dereklstinson/GoCudnn/cudaModule..go:126.16,128.3 1 0
github.com/dereklstinson/GoCudnn/cudaModule..go:135.41,141.3 3 0
github.com/dereklstinson/GoCudnn/cudaModule..go:144.16,147.3 1 0
github.com/dereklstinson/GoCudnn/cudaModule..go:150.19,152.3 1 0
github.com/dereklstinson/GoCudnn/cudaModule..go:152.8,154.3 1 0
github.com/dereklstinson/GoCudnn/cudaModule..go:181.54,184.2 1 0
github.com/dereklstinson/GoCudnn/cudaModule..go:187.62,189.2 1 0
github.com/dereklstinson/GoCudnn/cudaModule..go:192.55,195.2 1 0
github.com/dereklstinson/GoCudnn/cudaModule..go:198.63,201.2 1 0
github.com/dereklstinson/GoCudnn/cudaModule..go:204.56,206.2 1 0
github.com/dereklstinson/GoCudnn/cudaModule..go:209.46,211.2 1 0
github.com/dereklstinson/GoCudnn/cudaModule..go:214.61,216.2 1 0
github.com/dereklstinson/GoCudnn/cudaModule..go:219.56,221.2 1 0
github.com/dereklstinson/GoCudnn/cudaModule..go:256.76,261.22 2 0
github.com/dereklstinson/GoCudnn/cudaModule..go:295.2,297.30 2 0
github.com/dereklstinson/GoCudnn/cudaModule..go:316.2,316.19 1 0
github.com/dereklstinson/GoCudnn/cudaModule..go:261.22,262.30 1 0
github.com/dereklstinson/GoCudnn/cudaModule..go:263.16,264.21 1 0
github.com/dereklstinson/GoCudnn/cudaModule..go:267.18,268.21 1 0
github.com/dereklstinson/GoCudnn/cudaModule..go:271.18,272.21 1 0
github.com/dereklstinson/GoCudnn/cudaModule..go:275.14,276.21 1 0
github.com/dereklstinson/GoCudnn/cudaModule..go:279.17,280.21 1 0
github.com/dereklstinson/GoCudnn/cudaModule..go:283.15,284.21 1 0
github.com/dereklstinson/GoCudnn/cudaModule..go:287.15,288.21 1 0
github.com/dereklstinson/GoCudnn/cudaModule..go:291.11,292.48 1 0
github.com/dereklstinson/GoCudnn/cudaModule..go:264.21,266.5 1 0
github.com/dereklstinson/GoCudnn/cudaModule..go:268.21,270.5 1 0
github.com/dereklstinson/GoCudnn/cudaModule..go:272.21,274.5 1 0
github.com/dereklstinson/GoCudnn/cudaModule..go:276.21,278.5 1 0
github.com/dereklstinson/GoCudnn/cudaModule..go:280.21,282.5 1 0
github.com/dereklstinson/GoCudnn/cudaModule..go:284.21,286.5 1 0
github.com/dereklstinson/GoCudnn/cudaModule..go:288.21,290.5 1 0
github.com/dereklstinson/GoCudnn/cudaModule..go:297.30,299.38 1 0
github.com/dereklstinson/GoCudnn/cudaModule..go:300.18,301.20 1 0
github.com/dereklstinson/GoCudnn/cudaModule..go:304.4,304.37 1 0
github.com/dereklstinson/GoCudnn/cudaModule..go:305.11,308.21 2 0
github.com/dereklstinson/GoCudnn/cudaModule..go:312.4,312.28 1 0
github.com/dereklstinson/GoCudnn/cudaModule..go:301.20,303.5 1 0
github.com/dereklstinson/GoCudnn/cudaModule..go:308.21,311.5 2 0
github.com/dereklstinson/GoCudnn/cudaModule..go:318.66,323.33 2 0
github.com/dereklstinson/GoCudnn/cudaModule..go:341.2,341.19 1 0
github.com/dereklstinson/GoCudnn/cudaModule..go:323.33,325.24 2 0
github.com/dereklstinson/GoCudnn/cudaModule..go:326.18,327.20 1 0
github.com/dereklstinson/GoCudnn/cudaModule..go:330.4,330.37 1 0
github.com/dereklstinson/GoCudnn/cudaModule..go:331.11,334.21 2 0
github.com/dereklstinson/GoCudnn/cudaModule..go:337.4,337.28 1 0
github.com/dereklstinson/GoCudnn/cudaModule..go:327.20,329.5 1 0
github.com/dereklstinson/GoCudnn/cudaModule..go:334.21,336.5 1 0
github.com/dereklstinson/GoCudnn/cudnnLRN.go:36.29,38.2 1 0
github.com/dereklstinson/GoCudnn/cudnnLRN.go:41.29,43.2 1 0
github.com/dereklstinson/GoCudnn/cudnnLRN.go:46.30,48.2 1 0
github.com/dereklstinson/GoCudnn/cudnnLRN.go:51.33,53.2 1 0
github.com/dereklstinson/GoCudnn/cudnnLRN.go:61.18,62.74 1 0
github.com/dereklstinson/GoCudnn/cudnnLRN.go:67.2,69.16 3 0
github.com/dereklstinson/GoCudnn/cudnnLRN.go:72.2,79.16 2 0
github.com/dereklstinson/GoCudnn/cudnnLRN.go:82.2,82.37 1 0
github.com/dereklstinson/GoCudnn/cudnnLRN.go:62.74,66.3 3 0
github.com/dereklstinson/GoCudnn/cudnnLRN.go:69.16,71.3 1 0
github.com/dereklstinson/GoCudnn/cudnnLRN.go:79.16,81.3 1 0
github.com/dereklstinson/GoCudnn/cudnnLRN.go:86.75,98.2 4 0
github.com/dereklstinson/GoCudnn/cudnnLRN.go:101.42,103.2 1 0
github.com/dereklstinson/GoCudnn/cudnnLRN.go:118.9,130.2 1 0
github.com/dereklstinson/GoCudnn/cudnnLRN.go:147.9,163.2 1 0
github.com/dereklstinson/GoCudnn/cudnnLRN.go:179.9,194.2 1 0
github.com/dereklstinson/GoCudnn/cudnnLRN.go:212.9,229.2 1 0
github.com/dereklstinson/GoCudnn/cudnnLRN.go:234.39,234.69 1 0
github.com/dereklstinson/GoCudnn/cudnnLRN.go:241.47,243.2 1 0
github.com/dereklstinson/GoCudnn/cudnnLRN.go:253.57,255.2 1 0
github.com/dereklstinson/GoCudnn/cudnnLRN.go:257.47,257.81 1 0
github.com/dereklstinson/GoCudnn/cudnnPooling.go:31.22,32.83 1 1
github.com/dereklstinson/GoCudnn/cudnnPooling.go:35.2,37.16 3 1
github.com/dereklstinson/GoCudnn/cudnnPooling.go:40.2,51.16 2 1
github.com/dereklstinson/GoCudnn/cudnnPooling.go:54.2,54.57 1 1
github.com/dereklstinson/GoCudnn/cudnnPooling.go:32.83,34.3 1 0
github.com/dereklstinson/GoCudnn/cudnnPooling.go:37.16,39.3 1 0
github.com/dereklstinson/GoCudnn/cudnnPooling.go:51.16,53.3 1 0
github.com/dereklstinson/GoCudnn/cudnnPooling.go:58.107,64.24 6 0
github.com/dereklstinson/GoCudnn/cudnnPooling.go:78.2,89.116 3 0
github.com/dereklstinson/GoCudnn/cudnnPooling.go:64.24,77.3 2 0
github.com/dereklstinson/GoCudnn/cudnnPooling.go:100.22,101.82 1 0
github.com/dereklstinson/GoCudnn/cudnnPooling.go:104.2,106.16 3 0
github.com/dereklstinson/GoCudnn/cudnnPooling.go:109.2,121.16 5 0
github.com/dereklstinson/GoCudnn/cudnnPooling.go:124.2,127.8 1 0
github.com/dereklstinson/GoCudnn/cudnnPooling.go:101.82,103.3 1 0
github.com/dereklstinson/GoCudnn/cudnnPooling.go:106.16,108.3 1 0
github.com/dereklstinson/GoCudnn/cudnnPooling.go:121.16,123.3 1 0
github.com/dereklstinson/GoCudnn/cudnnPooling.go:133.20,142.16 1 1
github.com/dereklstinson/GoCudnn/cudnnPooling.go:152.2,161.37 3 1
github.com/dereklstinson/GoCudnn/cudnnPooling.go:142.16,151.3 3 0
github.com/dereklstinson/GoCudnn/cudnnPooling.go:165.46,167.2 1 1
github.com/dereklstinson/GoCudnn/cudnnPooling.go:180.9,191.2 1 0
github.com/dereklstinson/GoCudnn/cudnnPooling.go:206.9,221.2 1 0
github.com/dereklstinson/GoCudnn/cudnnPooling.go:235.44,237.2 1 0
github.com/dereklstinson/GoCudnn/cudnnPooling.go:240.67,242.2 1 1
github.com/dereklstinson/GoCudnn/cudnnPooling.go:245.67,247.2 1 0
github.com/dereklstinson/GoCudnn/cudnnPooling.go:250.57,252.2 1 0
github.com/dereklstinson/GoCudnn/cudnnPooling.go:254.47,254.81 1 1
github.com/dereklstinson/GoCudnn/xLoss.go:25.40,27.2 1 0
github.com/dereklstinson/GoCudnn/xLoss.go:33.95,37.14 4 0
github.com/dereklstinson/GoCudnn/xLoss.go:69.2,69.53 1 0
github.com/dereklstinson/GoCudnn/xLoss.go:38.17,40.17 2 0
github.com/dereklstinson/GoCudnn/xLoss.go:43.3,43.22 1 0
github.com/dereklstinson/GoCudnn/xLoss.go:56.3,58.17 3 0
github.com/dereklstinson/GoCudnn/xLoss.go:61.3,66.9 1 0
github.com/dereklstinson/GoCudnn/xLoss.go:40.17,42.4 1 0
github.com/dereklstinson/GoCudnn/xLoss.go:43.22,46.18 3 0
github.com/dereklstinson/GoCudnn/xLoss.go:49.4,54.10 1 0
github.com/dereklstinson/GoCudnn/xLoss.go:46.18,48.5 1 0
github.com/dereklstinson/GoCudnn/xLoss.go:58.17,60.4 1 0
github.com/dereklstinson/GoCudnn/xLoss.go:82.20,84.16 2 0
github.com/dereklstinson/GoCudnn/xLoss.go:87.2,88.16 2 0
github.com/dereklstinson/GoCudnn/xLoss.go:91.2,92.16 2 0
github.com/dereklstinson/GoCudnn/xLoss.go:95.2,95.45 1 0
github.com/dereklstinson/GoCudnn/xLoss.go:99.2,99.31 1 0
github.com/dereklstinson/GoCudnn/xLoss.go:102.2,102.49 1 0
github.com/dereklstinson/GoCudnn/xLoss.go:105.2,108.16 3 0
github.com/dereklstinson/GoCudnn/xLoss.go:111.2,111.16 1 0
github.com/dereklstinson/GoCudnn/xLoss.go:128.2,128.51 1 0
github.com/dereklstinson/GoCudnn/xLoss.go:84.16,86.3 1 0
github.com/dereklstinson/GoCudnn/xLoss.go:88.16,90.3 1 0
github.com/dereklstinson/GoCudnn/xLoss.go:92.16,94.3 1 0
github.com/dereklstinson/GoCudnn/xLoss.go:95.45,98.3 1 0
github.com/dereklstinson/GoCudnn/xLoss.go:99.31,101.3 1 0
github.com/dereklstinson/GoCudnn/xLoss.go:102.49,104.3 1 0
github.com/dereklstinson/GoCudnn/xLoss.go:108.16,110.3 1 0
github.com/dereklstinson/GoCudnn/xLoss.go:112.19,115.17 3 0
github.com/dereklstinson/GoCudnn/xLoss.go:118.3,120.24 3 0
github.com/dereklstinson/GoCudnn/xLoss.go:124.3,125.30 2 0
github.com/dereklstinson/GoCudnn/xLoss.go:115.17,117.4 1 0
github.com/dereklstinson/GoCudnn/xLoss.go:120.24,123.4 2 0
github.com/dereklstinson/GoCudnn/cudnnDropOut.go:24.63,27.16 3 0
github.com/dereklstinson/GoCudnn/cudnnDropOut.go:30.2,32.8 1 0
github.com/dereklstinson/GoCudnn/cudnnDropOut.go:27.16,29.3 1 0
github.com/dereklstinson/GoCudnn/cudnnDropOut.go:36.46,38.2 1 0
github.com/dereklstinson/GoCudnn/cudnnDropOut.go:47.9,56.2 1 0
github.com/dereklstinson/GoCudnn/cudnnDropOut.go:65.9,74.2 1 0
github.com/dereklstinson/GoCudnn/cudnnDropOut.go:81.35,94.2 6 0
github.com/dereklstinson/GoCudnn/cudnnDropOut.go:97.74,101.2 3 0
github.com/dereklstinson/GoCudnn/cudnnDropOut.go:104.77,108.2 3 0
github.com/dereklstinson/GoCudnn/cudnnDropOut.go:119.9,130.2 1 0
github.com/dereklstinson/GoCudnn/cudnnDropOut.go:141.9,152.2 1 0
github.com/dereklstinson/GoCudnn/cudnnRNN.go:22.31,26.2 3 0
github.com/dereklstinson/GoCudnn/cudnnRNN.go:39.63,41.34 2 0
github.com/dereklstinson/GoCudnn/cudnnRNN.go:44.2,44.14 1 0
github.com/dereklstinson/GoCudnn/cudnnRNN.go:41.34,43.3 1 0
github.com/dereklstinson/GoCudnn/cudnnRNN.go:48.52,51.16 3 0
github.com/dereklstinson/GoCudnn/cudnnRNN.go:54.2,56.8 1 0
github.com/dereklstinson/GoCudnn/cudnnRNN.go:51.16,53.3 1 0
github.com/dereklstinson/GoCudnn/cudnnRNN.go:60.42,62.2 1 0
github.com/dereklstinson/GoCudnn/cudnnRNN.go:76.9,89.2 1 0
github.com/dereklstinson/GoCudnn/cudnnRNN.go:96.9,103.2 1 0
github.com/dereklstinson/GoCudnn/cudnnRNN.go:109.25,119.2 3 0
github.com/dereklstinson/GoCudnn/cudnnRNN.go:125.9,127.2 1 0
github.com/dereklstinson/GoCudnn/cudnnRNN.go:132.93,155.2 10 0
github.com/dereklstinson/GoCudnn/cudnnRNN.go:158.58,160.2 1 0
github.com/dereklstinson/GoCudnn/cudnnRNN.go:163.57,167.2 3 0
github.com/dereklstinson/GoCudnn/cudnnRNN.go:177.18,188.2 4 0
github.com/dereklstinson/GoCudnn/cudnnRNN.go:195.18,206.2 4 0
github.com/dereklstinson/GoCudnn/cudnnRNN.go:213.18,223.2 3 0
github.com/dereklstinson/GoCudnn/cudnnRNN.go:264.36,279.2 4 0
github.com/dereklstinson/GoCudnn/cudnnRNN.go:320.36,335.2 4 0
github.com/dereklstinson/GoCudnn/cudnnRNN.go:343.99,353.2 3 0
github.com/dereklstinson/GoCudnn/cudnnRNN.go:356.67,358.2 1 0
github.com/dereklstinson/GoCudnn/cudnnRNN.go:361.62,363.2 1 0
github.com/dereklstinson/GoCudnn/cudnnRNN.go:381.18,389.2 3 0
github.com/dereklstinson/GoCudnn/cudnnRNN.go:414.35,447.2 7 0
github.com/dereklstinson/GoCudnn/cudnnRNN.go:450.100,457.2 3 0
github.com/dereklstinson/GoCudnn/cudnnRNN.go:483.35,518.2 6 0
github.com/dereklstinson/GoCudnn/cudnnRNN.go:521.99,529.2 3 0
github.com/dereklstinson/GoCudnn/cudnnRNN.go:572.35,626.2 7 0
github.com/dereklstinson/GoCudnn/cudnnRNN.go:629.102,637.2 3 0
github.com/dereklstinson/GoCudnn/cudnnRNN.go:657.35,689.2 6 0
github.com/dereklstinson/GoCudnn/cudnnRNN.go:711.9,735.2 3 0
github.com/dereklstinson/GoCudnn/cudnnRNN.go:758.9,785.2 4 0
github.com/dereklstinson/GoCudnn/cudnnRNN.go:825.9,859.2 5 0
github.com/dereklstinson/GoCudnn/cudnnRNN.go:876.9,898.2 4 0
github.com/dereklstinson/GoCudnn/cudnnRNN.go:922.39,922.69 1 0
github.com/dereklstinson/GoCudnn/cudnnRNN.go:925.37,927.2 1 0
github.com/dereklstinson/GoCudnn/cudnnRNN.go:930.37,932.2 1 0
github.com/dereklstinson/GoCudnn/cudnnRNN.go:935.37,937.2 1 0
github.com/dereklstinson/GoCudnn/cudnnRNN.go:940.36,942.2 1 0
github.com/dereklstinson/GoCudnn/cudnnRNN.go:951.51,951.87 1 0
github.com/dereklstinson/GoCudnn/cudnnRNN.go:954.48,956.2 1 0
github.com/dereklstinson/GoCudnn/cudnnRNN.go:959.47,961.2 1 0
github.com/dereklstinson/GoCudnn/cudnnRNN.go:975.49,977.2 1 0
github.com/dereklstinson/GoCudnn/cudnnRNN.go:980.47,982.2 1 0
github.com/dereklstinson/GoCudnn/cudnnRNN.go:983.49,983.84 1 0
github.com/dereklstinson/GoCudnn/cudnnRNN.go:997.41,999.2 1 0
github.com/dereklstinson/GoCudnn/cudnnRNN.go:1002.46,1004.2 1 0
github.com/dereklstinson/GoCudnn/cudnnRNN.go:1007.47,1009.2 1 0
github.com/dereklstinson/GoCudnn/cudnnRNN.go:1012.38,1014.2 1 0
github.com/dereklstinson/GoCudnn/cudnnRNN.go:1016.39,1016.69 1 0
github.com/dereklstinson/GoCudnn/cudnnSoftMax.go:31.17,43.2 1 0
github.com/dereklstinson/GoCudnn/cudnnSoftMax.go:58.9,72.2 1 0
github.com/dereklstinson/GoCudnn/cudnnSoftMax.go:88.55,90.2 1 0
github.com/dereklstinson/GoCudnn/cudnnSoftMax.go:93.59,95.2 1 0
github.com/dereklstinson/GoCudnn/cudnnSoftMax.go:98.54,100.2 1 0
github.com/dereklstinson/GoCudnn/cudnnSoftMax.go:102.58,102.98 1 0
github.com/dereklstinson/GoCudnn/cudnnSoftMax.go:112.49,114.2 1 0
github.com/dereklstinson/GoCudnn/cudnnSoftMax.go:117.48,119.2 1 0
github.com/dereklstinson/GoCudnn/cudnnSoftMax.go:121.48,121.83 1 0
github.com/dereklstinson/GoCudnn/cudaStream.go:16.56,20.2 3 0
github.com/dereklstinson/GoCudnn/cudaStream.go:23.59,28.2 3 0
github.com/dereklstinson/GoCudnn/cudaStream.go:31.81,36.2 3 0
github.com/dereklstinson/GoCudnn/cudaStream.go:39.78,44.2 3 0
github.com/dereklstinson/GoCudnn/cudaStream.go:47.31,49.2 1 0
github.com/dereklstinson/GoCudnn/cudaStream.go:52.68,53.43 1 0
github.com/dereklstinson/GoCudnn/cudaStream.go:57.2,57.44 1 0
github.com/dereklstinson/GoCudnn/cudaStream.go:61.2,61.42 1 0
github.com/dereklstinson/GoCudnn/cudaStream.go:65.2,65.43 1 0
github.com/dereklstinson/GoCudnn/cudaStream.go:69.2,69.69 1 0
github.com/dereklstinson/GoCudnn/cudaStream.go:53.43,56.3 2 0
github.com/dereklstinson/GoCudnn/cudaStream.go:57.44,60.3 2 0
github.com/dereklstinson/GoCudnn/cudaStream.go:61.42,64.3 2 0
github.com/dereklstinson/GoCudnn/cudaStream.go:65.43,68.3 2 0
github.com/dereklstinson/GoCudnn/cudaStream.go:71.37,73.2 1 0
github.com/dereklstinson/GoCudnn/cudaStream.go:76.34,78.2 1 0
github.com/dereklstinson/GoCudnn/cudaEvent.go:19.45,22.16 3 0
github.com/dereklstinson/GoCudnn/cudaEvent.go:25.2,25.15 1 0
github.com/dereklstinson/GoCudnn/cudaEvent.go:22.16,24.3 1 0
github.com/dereklstinson/GoCudnn/cudaEvent.go:27.30,29.2 1 0
github.com/dereklstinson/GoCudnn/cudaEvent.go:32.40,34.2 1 0
github.com/dereklstinson/GoCudnn/cudaEvent.go:39.40,42.24 2 0
github.com/dereklstinson/GoCudnn/cudaEvent.go:45.2,45.30 1 0
github.com/dereklstinson/GoCudnn/cudaEvent.go:49.2,49.44 1 0
github.com/dereklstinson/GoCudnn/cudaEvent.go:42.24,44.3 1 0
github.com/dereklstinson/GoCudnn/cudaEvent.go:45.30,47.3 1 0
github.com/dereklstinson/GoCudnn/cudaEvent.go:54.30,56.2 1 0
github.com/dereklstinson/GoCudnn/cudaEvent.go:59.33,61.2 1 0
github.com/dereklstinson/GoCudnn/cudaEvent.go:63.35,65.2 1 0
github.com/dereklstinson/GoCudnn/cudaEvent.go:69.63,74.2 3 0
github.com/dereklstinson/GoCudnn/cudnnStatus.go:17.46,20.2 2 0
github.com/dereklstinson/GoCudnn/cudnnStatus.go:23.50,24.55 1 18
github.com/dereklstinson/GoCudnn/cudnnStatus.go:27.2,28.59 2 0
github.com/dereklstinson/GoCudnn/cudnnStatus.go:24.55,26.3 1 18
github.com/dereklstinson/GoCudnn/runtimememmanage.go:9.37,10.22 1 0
github.com/dereklstinson/GoCudnn/runtimememmanage.go:10.22,11.21 1 0
github.com/dereklstinson/GoCudnn/runtimememmanage.go:11.21,13.4 1 0
github.com/dereklstinson/GoCudnn/runtimememmanage.go:18.44,20.22 2 0
github.com/dereklstinson/GoCudnn/runtimememmanage.go:29.2,29.26 1 0
github.com/dereklstinson/GoCudnn/runtimememmanage.go:20.22,21.30 1 0
github.com/dereklstinson/GoCudnn/runtimememmanage.go:22.15,23.32 1 0
github.com/dereklstinson/GoCudnn/runtimememmanage.go:24.11,25.120 1 0
github.com/dereklstinson/GoCudnn/xActivation.go:18.61,21.26 3 0
github.com/dereklstinson/GoCudnn/xActivation.go:24.2,25.11 2 0
github.com/dereklstinson/GoCudnn/xActivation.go:31.2,31.16 1 0
github.com/dereklstinson/GoCudnn/xActivation.go:21.26,23.3 1 0
github.com/dereklstinson/GoCudnn/xActivation.go:26.21,27.33 1 0
github.com/dereklstinson/GoCudnn/xActivation.go:28.26,29.38 1 0
github.com/dereklstinson/GoCudnn/xActivation.go:35.61,38.26 3 0
github.com/dereklstinson/GoCudnn/xActivation.go:41.2,42.11 2 0
github.com/dereklstinson/GoCudnn/xActivation.go:48.2,48.16 1 0
github.com/dereklstinson/GoCudnn/xActivation.go:38.26,40.3 1 0
github.com/dereklstinson/GoCudnn/xActivation.go:43.21,44.34 1 0
github.com/dereklstinson/GoCudnn/xActivation.go:45.26,46.39 1 0
github.com/dereklstinson/GoCudnn/xActivation.go:52.54,54.2 1 0
github.com/dereklstinson/GoCudnn/xActivation.go:57.59,59.2 1 0
github.com/dereklstinson/GoCudnn/xActivation.go:78.154,82.15 3 0
github.com/dereklstinson/GoCudnn/xActivation.go:83.42,85.17 2 0
github.com/dereklstinson/GoCudnn/xActivation.go:88.3,89.17 2 0
github.com/dereklstinson/GoCudnn/xActivation.go:92.3,93.17 2 0
github.com/dereklstinson/GoCudnn/xActivation.go:96.3,97.17 2 0
github.com/dereklstinson/GoCudnn/xActivation.go:100.3,108.9 1 0
github.com/dereklstinson/GoCudnn/xActivation.go:109.10,111.17 2 0
github.com/dereklstinson/GoCudnn/xActivation.go:114.3,115.17 2 0
github.com/dereklstinson/GoCudnn/xActivation.go:118.3,123.9 1 0
github.com/dereklstinson/GoCudnn/xActivation.go:85.17,87.4 1 0
github.com/dereklstinson/GoCudnn/xActivation.go:89.17,91.4 1 0
github.com/dereklstinson/GoCudnn/xActivation.go:93.17,95.4 1 0
github.com/dereklstinson/GoCudnn/xActivation.go:97.17,99.4 1 0
github.com/dereklstinson/GoCudnn/xActivation.go:111.17,113.4 1 0
github.com/dereklstinson/GoCudnn/xActivation.go:115.17,117.4 1 0
github.com/dereklstinson/GoCudnn/xActivation.go:129.113,132.16 3 0
github.com/dereklstinson/GoCudnn/xActivation.go:135.2,137.18 2 0
github.com/dereklstinson/GoCudnn/xActivation.go:143.2,143.50 1 0
github.com/dereklstinson/GoCudnn/xActivation.go:132.16,134.3 1 0
github.com/dereklstinson/GoCudnn/xActivation.go:138.37,140.130 2 0
github.com/dereklstinson/GoCudnn/xActivation.go:147.145,150.16 3 0
github.com/dereklstinson/GoCudnn/xActivation.go:153.2,155.18 2 0
github.com/dereklstinson/GoCudnn/xActivation.go:160.2,160.50 1 0
github.com/dereklstinson/GoCudnn/xActivation.go:150.16,152.3 1 0
github.com/dereklstinson/GoCudnn/xActivation.go:156.37,158.135 2 0
github.com/dereklstinson/GoCudnn/xActivation.go:164.134,167.26 3 0
github.com/dereklstinson/GoCudnn/xActivation.go:170.2,171.16 2 0
github.com/dereklstinson/GoCudnn/xActivation.go:175.2,178.22 3 0
github.com/dereklstinson/GoCudnn/xActivation.go:181.2,182.16 2 0
github.com/dereklstinson/GoCudnn/xActivation.go:185.2,185.18 1 0
github.com/dereklstinson/GoCudnn/xActivation.go:200.2,200.41 1 0
github.com/dereklstinson/GoCudnn/xActivation.go:167.26,169.3 1 0
github.com/dereklstinson/GoCudnn/xActivation.go:171.16,173.3 1 0
github.com/dereklstinson/GoCudnn/xActivation.go:178.22,180.3 1 0
github.com/dereklstinson/GoCudnn/xActivation.go:182.16,184.3 1 0
github.com/dereklstinson/GoCudnn/xActivation.go:186.33,192.13 3 0
github.com/dereklstinson/GoCudnn/xActivation.go:193.37,194.149 1 0
github.com/dereklstinson/GoCudnn/xActivation.go:195.36,196.143 1 0
github.com/dereklstinson/GoCudnn/zhelperfuncs.go:8.37,10.30 2 0
github.com/dereklstinson/GoCudnn/zhelperfuncs.go:13.2,13.10 1 0
github.com/dereklstinson/GoCudnn/zhelperfuncs.go:10.30,12.3 1 0
github.com/dereklstinson/GoCudnn/zhelperfuncs.go:15.37,17.30 2 1
github.com/dereklstinson/GoCudnn/zhelperfuncs.go:20.2,20.10 1 1
github.com/dereklstinson/GoCudnn/zhelperfuncs.go:17.30,19.3 1 4
github.com/dereklstinson/GoCudnn/zhelperfuncs.go:22.40,24.22 2 0
github.com/dereklstinson/GoCudnn/zhelperfuncs.go:27.2,27.35 1 0
github.com/dereklstinson/GoCudnn/zhelperfuncs.go:37.2,37.13 1 0
github.com/dereklstinson/GoCudnn/zhelperfuncs.go:24.22,26.3 1 0
github.com/dereklstinson/GoCudnn/zhelperfuncs.go:27.35,28.35 1 0
github.com/dereklstinson/GoCudnn/zhelperfuncs.go:31.3,31.37 1 0
github.com/dereklstinson/GoCudnn/zhelperfuncs.go:28.35,30.4 1 0
github.com/dereklstinson/GoCudnn/zhelperfuncs.go:31.37,32.32 1 0
github.com/dereklstinson/GoCudnn/zhelperfuncs.go:32.32,34.5 1 0
github.com/dereklstinson/GoCudnn/zhelperfuncs.go:39.37,41.22 2 0
github.com/dereklstinson/GoCudnn/zhelperfuncs.go:44.2,44.13 1 0
github.com/dereklstinson/GoCudnn/zhelperfuncs.go:41.22,43.3 1 0
github.com/dereklstinson/GoCudnn/zhelperfuncs.go:48.49,51.15 3 0
github.com/dereklstinson/GoCudnn/zhelperfuncs.go:66.2,66.13 1 0
github.com/dereklstinson/GoCudnn/zhelperfuncs.go:52.20,53.30 1 0
github.com/dereklstinson/GoCudnn/zhelperfuncs.go:54.21,55.30 1 0
github.com/dereklstinson/GoCudnn/zhelperfuncs.go:56.20,57.30 1 0
github.com/dereklstinson/GoCudnn/zhelperfuncs.go:58.19,59.30 1 0
github.com/dereklstinson/GoCudnn/zhelperfuncs.go:60.20,61.30 1 0
github.com/dereklstinson/GoCudnn/zhelperfuncs.go:62.10,63.11 1 0
github.com/dereklstinson/GoCudnn/zhelperfuncs.go:70.61,72.49 2 0
github.com/dereklstinson/GoCudnn/zhelperfuncs.go:75.2,75.15 1 0
github.com/dereklstinson/GoCudnn/zhelperfuncs.go:72.49,74.3 1 0
github.com/dereklstinson/GoCudnn/zhelperfuncs.go:76.36,77.31 1 0
github.com/dereklstinson/GoCudnn/zhelperfuncs.go:78.37,79.31 1 0
github.com/dereklstinson/GoCudnn/zhelperfuncs.go:80.35,81.20 1 0
github.com/dereklstinson/GoCudnn/zhelperfuncs.go:82.36,83.31 1 0
github.com/dereklstinson/GoCudnn/zhelperfuncs.go:84.10,85.18 1 0
github.com/dereklstinson/GoCudnn/XTensorManips.go:15.75,19.2 3 0
github.com/dereklstinson/GoCudnn/XTensorManips.go:22.123,24.16 2 0
github.com/dereklstinson/GoCudnn/XTensorManips.go:27.2,28.28 2 0
github.com/dereklstinson/GoCudnn/XTensorManips.go:31.2,32.16 2 0
github.com/dereklstinson/GoCudnn/XTensorManips.go:36.2,38.28 2 0
github.com/dereklstinson/GoCudnn/XTensorManips.go:50.2,50.68 1 0
github.com/dereklstinson/GoCudnn/XTensorManips.go:24.16,26.3 1 0
github.com/dereklstinson/GoCudnn/XTensorManips.go:28.28,30.3 1 0
github.com/dereklstinson/GoCudnn/XTensorManips.go:32.16,34.3 1 0
github.com/dereklstinson/GoCudnn/XTensorManips.go:38.28,44.3 3 0
github.com/dereklstinson/GoCudnn/XTensorManips.go:44.8,44.35 1 0
github.com/dereklstinson/GoCudnn/XTensorManips.go:44.35,49.3 3 0
github.com/dereklstinson/GoCudnn/XTensorManips.go:54.50,56.37 2 0
github.com/dereklstinson/GoCudnn/XTensorManips.go:59.2,59.16 1 0
github.com/dereklstinson/GoCudnn/XTensorManips.go:56.37,58.3 1 0
github.com/dereklstinson/GoCudnn/XTensorManips.go:63.130,66.16 2 0
github.com/dereklstinson/GoCudnn/XTensorManips.go:69.2,70.16 2 0
github.com/dereklstinson/GoCudnn/XTensorManips.go:73.2,73.20 1 0
github.com/dereklstinson/GoCudnn/XTensorManips.go:76.2,77.60 2 0
github.com/dereklstinson/GoCudnn/XTensorManips.go:81.2,83.28 3 0
github.com/dereklstinson/GoCudnn/XTensorManips.go:86.2,86.16 1 0
github.com/dereklstinson/GoCudnn/XTensorManips.go:89.2,90.16 2 0
github.com/dereklstinson/GoCudnn/XTensorManips.go:93.2,93.38 1 0
github.com/dereklstinson/GoCudnn/XTensorManips.go:96.2,100.41 5 0
github.com/dereklstinson/GoCudnn/XTensorManips.go:105.2,106.16 2 0
github.com/dereklstinson/GoCudnn/XTensorManips.go:109.2,111.36 2 0
github.com/dereklstinson/GoCudnn/XTensorManips.go:138.2,140.16 3 0
github.com/dereklstinson/GoCudnn/XTensorManips.go:143.2,144.16 2 0
github.com/dereklstinson/GoCudnn/XTensorManips.go:148.2,149.16 2 0
github.com/dereklstinson/GoCudnn/XTensorManips.go:153.2,156.16 4 0
github.com/dereklstinson/GoCudnn/XTensorManips.go:160.2,162.25 2 0
github.com/dereklstinson/GoCudnn/XTensorManips.go:66.16,68.3 1 0
github.com/dereklstinson/GoCudnn/XTensorManips.go:70.16,72.3 1 0
github.com/dereklstinson/GoCudnn/XTensorManips.go:73.20,75.3 1 0
github.com/dereklstinson/GoCudnn/XTensorManips.go:77.60,79.3 1 0
github.com/dereklstinson/GoCudnn/XTensorManips.go:83.28,85.3 1 0
github.com/dereklstinson/GoCudnn/XTensorManips.go:86.16,88.3 1 0
github.com/dereklstinson/GoCudnn/XTensorManips.go:90.16,92.3 1 0
github.com/dereklstinson/GoCudnn/XTensorManips.go:93.38,95.3 1 0
github.com/dereklstinson/GoCudnn/XTensorManips.go:100.41,104.3 3 0
github.com/dereklstinson/GoCudnn/XTensorManips.go:106.16,108.3 1 0
github.com/dereklstinson/GoCudnn/XTensorManips.go:111.36,114.17 3 0
github.com/dereklstinson/GoCudnn/XTensorManips.go:117.3,118.17 2 0
github.com/dereklstinson/GoCudnn/XTensorManips.go:121.3,123.17 3 0
github.com/dereklstinson/GoCudnn/XTensorManips.go:127.3,131.17 4 0
github.com/dereklstinson/GoCudnn/XTensorManips.go:136.3,136.26 1 0
github.com/dereklstinson/GoCudnn/XTensorManips.go:114.17,116.4 1 0
github.com/dereklstinson/GoCudnn/XTensorManips.go:118.17,120.4 1 0
github.com/dereklstinson/GoCudnn/XTensorManips.go:123.17,126.4 2 0
github.com/dereklstinson/GoCudnn/XTensorManips.go:131.17,134.4 2 0
github.com/dereklstinson/GoCudnn/XTensorManips.go:140.16,142.3 1 0
github.com/dereklstinson/GoCudnn/XTensorManips.go:144.16,146.3 1 0
github.com/dereklstinson/GoCudnn/XTensorManips.go:149.16,152.3 2 0
github.com/dereklstinson/GoCudnn/XTensorManips.go:156.16,159.3 2 0
github.com/dereklstinson/GoCudnn/XTensorManips.go:165.39,168.38 3 0
github.com/dereklstinson/GoCudnn/XTensorManips.go:172.2,172.16 1 0
github.com/dereklstinson/GoCudnn/XTensorManips.go:168.38,171.3 2 0
github.com/dereklstinson/GoCudnn/XTensorManips.go:185.88,187.16 2 0
github.com/dereklstinson/GoCudnn/XTensorManips.go:190.2,191.16 2 0
github.com/dereklstinson/GoCudnn/XTensorManips.go:194.2,195.16 2 0
github.com/dereklstinson/GoCudnn/XTensorManips.go:198.2,199.16 2 0
github.com/dereklstinson/GoCudnn/XTensorManips.go:202.2,208.8 1 0
github.com/dereklstinson/GoCudnn/XTensorManips.go:187.16,189.3 1 0
github.com/dereklstinson/GoCudnn/XTensorManips.go:191.16,193.3 1 0
github.com/dereklstinson/GoCudnn/XTensorManips.go:195.16,197.3 1 0
github.com/dereklstinson/GoCudnn/XTensorManips.go:199.16,201.3 1 0
github.com/dereklstinson/GoCudnn/XTensorManips.go:212.107,215.16 2 0
github.com/dereklstinson/GoCudnn/XTensorManips.go:218.2,219.16 2 0
github.com/dereklstinson/GoCudnn/XTensorManips.go:222.2,224.16 3 0
github.com/dereklstinson/GoCudnn/XTensorManips.go:227.2,228.16 2 0
github.com/dereklstinson/GoCudnn/XTensorManips.go:231.2,231.20 1 0
github.com/dereklstinson/GoCudnn/XTensorManips.go:235.2,235.15 1 0
github.com/dereklstinson/GoCudnn/XTensorManips.go:265.2,265.50 1 0
github.com/dereklstinson/GoCudnn/XTensorManips.go:215.16,217.3 1 0
github.com/dereklstinson/GoCudnn/XTensorManips.go:219.16,221.3 1 0
github.com/dereklstinson/GoCudnn/XTensorManips.go:224.16,226.3 1 0
github.com/dereklstinson/GoCudnn/XTensorManips.go:228.16,230.3 1 0
github.com/dereklstinson/GoCudnn/XTensorManips.go:231.20,233.3 1 0
github.com/dereklstinson/GoCudnn/XTensorManips.go:236.22,237.51 1 0
github.com/dereklstinson/GoCudnn/XTensorManips.go:240.3,245.29 6 0
github.com/dereklstinson/GoCudnn/XTensorManips.go:248.3,248.192 1 0
github.com/dereklstinson/GoCudnn/XTensorManips.go:249.22,251.51 1 0
github.com/dereklstinson/GoCudnn/XTensorManips.go:254.3,259.29 6 0
github.com/dereklstinson/GoCudnn/XTensorManips.go:262.3,262.192 1 0
github.com/dereklstinson/GoCudnn/XTensorManips.go:237.51,239.4 1 0
github.com/dereklstinson/GoCudnn/XTensorManips.go:245.29,247.4 1 0
github.com/dereklstinson/GoCudnn/XTensorManips.go:251.51,253.4 1 0
github.com/dereklstinson/GoCudnn/XTensorManips.go:259.29,261.4 1 0
github.com/dereklstinson/GoCudnn/XTensorManips.go:269.112,271.16 2 0
github.com/dereklstinson/GoCudnn/XTensorManips.go:274.2,275.16 2 0
github.com/dereklstinson/GoCudnn/XTensorManips.go:279.2,281.16 3 0
github.com/dereklstinson/GoCudnn/XTensorManips.go:284.2,285.16 2 0
github.com/dereklstinson/GoCudnn/XTensorManips.go:288.2,288.20 1 0
github.com/dereklstinson/GoCudnn/XTensorManips.go:292.2,292.15 1 0
github.com/dereklstinson/GoCudnn/XTensorManips.go:346.2,346.50 1 0
github.com/dereklstinson/GoCudnn/XTensorManips.go:271.16,273.3 1 0
github.com/dereklstinson/GoCudnn/XTensorManips.go:275.16,277.3 1 0
github.com/dereklstinson/GoCudnn/XTensorManips.go:281.16,283.3 1 0
github.com/dereklstinson/GoCudnn/XTensorManips.go:285.16,287.3 1 0
github.com/dereklstinson/GoCudnn/XTensorManips.go:288.20,290.3 1 0
github.com/dereklstinson/GoCudnn/XTensorManips.go:293.22,294.51 1 0
github.com/dereklstinson/GoCudnn/XTensorManips.go:297.3,302.29 6 0
github.com/dereklstinson/GoCudnn/XTensorManips.go:305.3,306.9 2 0
github.com/dereklstinson/GoCudnn/XTensorManips.go:318.3,318.194 1 0
github.com/dereklstinson/GoCudnn/XTensorManips.go:319.22,320.51 1 0
github.com/dereklstinson/GoCudnn/XTensorManips.go:323.3,328.29 6 0
github.com/dereklstinson/GoCudnn/XTensorManips.go:331.3,332.9 2 0
github.com/dereklstinson/GoCudnn/XTensorManips.go:344.3,344.194 1 0
github.com/dereklstinson/GoCudnn/XTensorManips.go:294.51,296.4 1 0
github.com/dereklstinson/GoCudnn/XTensorManips.go:302.29,304.4 1 0
github.com/dereklstinson/GoCudnn/XTensorManips.go:306.9,309.18 3 0
github.com/dereklstinson/GoCudnn/XTensorManips.go:309.18,312.5 1 0
github.com/dereklstinson/GoCudnn/XTensorManips.go:313.9,316.4 1 0
github.com/dereklstinson/GoCudnn/XTensorManips.go:320.51,322.4 1 0
github.com/dereklstinson/GoCudnn/XTensorManips.go:328.29,330.4 1 0
github.com/dereklstinson/GoCudnn/XTensorManips.go:332.9,335.18 3 0
github.com/dereklstinson/GoCudnn/XTensorManips.go:335.18,338.5 1 0
github.com/dereklstinson/GoCudnn/XTensorManips.go:339.9,342.4 1 0
github.com/dereklstinson/GoCudnn/XTensorManips.go:356.81,358.16 2 0
github.com/dereklstinson/GoCudnn/XTensorManips.go:361.2,362.53 2 0
github.com/dereklstinson/GoCudnn/XTensorManips.go:358.16,360.3 1 0
github.com/dereklstinson/GoCudnn/XTensorManips.go:370.124,374.28 3 0
github.com/dereklstinson/GoCudnn/XTensorManips.go:378.2,379.28 2 0
github.com/dereklstinson/GoCudnn/XTensorManips.go:382.2,384.16 3 0
github.com/dereklstinson/GoCudnn/XTensorManips.go:387.2,388.16 2 0
github.com/dereklstinson/GoCudnn/XTensorManips.go:391.2,391.19 1 0
github.com/dereklstinson/GoCudnn/XTensorManips.go:394.2,394.14 1 0
github.com/dereklstinson/GoCudnn/XTensorManips.go:465.2,465.48 1 0
github.com/dereklstinson/GoCudnn/XTensorManips.go:374.28,376.3 1 0
github.com/dereklstinson/GoCudnn/XTensorManips.go:379.28,381.3 1 0
github.com/dereklstinson/GoCudnn/XTensorManips.go:384.16,386.3 1 0
github.com/dereklstinson/GoCudnn/XTensorManips.go:388.16,390.3 1 0
github.com/dereklstinson/GoCudnn/XTensorManips.go:391.19,393.3 1 0
github.com/dereklstinson/GoCudnn/XTensorManips.go:395.20,398.55 3 0
github.com/dereklstinson/GoCudnn/XTensorManips.go:401.3,407.17 6 0
github.com/dereklstinson/GoCudnn/XTensorManips.go:411.3,414.43 3 0
github.com/dereklstinson/GoCudnn/XTensorManips.go:428.3,428.13 1 0
github.com/dereklstinson/GoCudnn/XTensorManips.go:429.20,432.55 3 0
github.com/dereklstinson/GoCudnn/XTensorManips.go:435.3,441.17 6 0
github.com/dereklstinson/GoCudnn/XTensorManips.go:445.3,448.43 3 0
github.com/dereklstinson/GoCudnn/XTensorManips.go:462.3,462.13 1 0
github.com/dereklstinson/GoCudnn/XTensorManips.go:398.55,400.4 1 0
github.com/dereklstinson/GoCudnn/XTensorManips.go:407.17,409.4 1 0
github.com/dereklstinson/GoCudnn/XTensorManips.go:414.43,423.18 2 0
github.com/dereklstinson/GoCudnn/XTensorManips.go:423.18,425.5 1 0
github.com/dereklstinson/GoCudnn/XTensorManips.go:432.55,434.4 1 0
github.com/dereklstinson/GoCudnn/XTensorManips.go:441.17,443.4 1 0
github.com/dereklstinson/GoCudnn/XTensorManips.go:448.43,457.18 2 0
github.com/dereklstinson/GoCudnn/XTensorManips.go:457.18,459.5 1 0
github.com/dereklstinson/GoCudnn/XTensorManips.go:468.55,471.16 2 0
github.com/dereklstinson/GoCudnn/XTensorManips.go:474.2,475.16 2 0
github.com/dereklstinson/GoCudnn/XTensorManips.go:479.2,479.15 1 0
github.com/dereklstinson/GoCudnn/XTensorManips.go:471.16,473.3 1 0
github.com/dereklstinson/GoCudnn/XTensorManips.go:475.16,478.3 2 0
github.com/dereklstinson/GoCudnn/XTensorManips.go:481.56,484.16 2 0
github.com/dereklstinson/GoCudnn/XTensorManips.go:487.2,488.16 2 0
github.com/dereklstinson/GoCudnn/XTensorManips.go:492.2,492.15 1 0
github.com/dereklstinson/GoCudnn/XTensorManips.go:484.16,486.3 1 0
github.com/dereklstinson/GoCudnn/XTensorManips.go:488.16,491.3 2 0
github.com/dereklstinson/GoCudnn/XTensorManips.go:496.127,498.16 2 0
github.com/dereklstinson/GoCudnn/XTensorManips.go:501.2,502.28 2 0
github.com/dereklstinson/GoCudnn/XTensorManips.go:505.2,507.24 3 0
github.com/dereklstinson/GoCudnn/XTensorManips.go:510.2,510.15 1 0
github.com/dereklstinson/GoCudnn/XTensorManips.go:498.16,500.3 1 0
github.com/dereklstinson/GoCudnn/XTensorManips.go:502.28,504.3 1 0
github.com/dereklstinson/GoCudnn/XTensorManips.go:507.24,509.3 1 0
github.com/dereklstinson/GoCudnn/XTensorManips.go:511.19,516.62 4 0
github.com/dereklstinson/GoCudnn/XTensorManips.go:518.19,522.62 4 0
github.com/dereklstinson/GoCudnn/XTensorManips.go:524.10,525.61 1 0
github.com/dereklstinson/GoCudnn/XTensorManips.go:531.127,533.16 2 0
github.com/dereklstinson/GoCudnn/XTensorManips.go:536.2,537.28 2 0
github.com/dereklstinson/GoCudnn/XTensorManips.go:540.2,543.15 3 0
github.com/dereklstinson/GoCudnn/XTensorManips.go:533.16,535.3 1 0
github.com/dereklstinson/GoCudnn/XTensorManips.go:537.28,539.3 1 0
github.com/dereklstinson/GoCudnn/XTensorManips.go:544.19,549.76 3 0
github.com/dereklstinson/GoCudnn/XTensorManips.go:551.19,554.76 3 0
github.com/dereklstinson/GoCudnn/XTensorManips.go:556.10,557.61 1 0
github.com/dereklstinson/GoCudnn/XTensorManips.go:562.34,564.33 2 0
github.com/dereklstinson/GoCudnn/XTensorManips.go:567.2,567.13 1 0
github.com/dereklstinson/GoCudnn/XTensorManips.go:564.33,566.3 1 0
github.com/dereklstinson/GoCudnn/XTensorManips.go:569.46,573.2 1 0
github.com/dereklstinson/GoCudnn/cudnnSpatial.go:27.9,34.2 1 0
github.com/dereklstinson/GoCudnn/cudnnSpatial.go:43.9,50.2 1 0
github.com/dereklstinson/GoCudnn/cudnnSpatial.go:63.9,75.2 1 0
github.com/dereklstinson/GoCudnn/cudnnSpatial.go:94.9,111.2 1 0
github.com/dereklstinson/GoCudnn/cudnnSpatial.go:120.49,120.97 1 0
github.com/dereklstinson/GoCudnn/cudnnSpatial.go:125.47,125.81 1 0
github.com/dereklstinson/GoCudnn/cudnnSpatial.go:138.33,141.16 3 0
github.com/dereklstinson/GoCudnn/cudnnSpatial.go:144.2,153.16 4 0
github.com/dereklstinson/GoCudnn/cudnnSpatial.go:156.2,159.8 1 0
github.com/dereklstinson/GoCudnn/cudnnSpatial.go:141.16,143.3 1 0
github.com/dereklstinson/GoCudnn/cudnnSpatial.go:153.16,155.3 1 0
github.com/dereklstinson/GoCudnn/cudnnSpatial.go:163.58,165.2 1 0
github.com/dereklstinson/GoCudnn/cudnnActivation.go:100.124,104.16 3 0
github.com/dereklstinson/GoCudnn/cudnnActivation.go:108.2,109.16 2 0
github.com/dereklstinson/GoCudnn/cudnnActivation.go:112.2,115.8 1 0
github.com/dereklstinson/GoCudnn/cudnnActivation.go:104.16,106.3 1 0
github.com/dereklstinson/GoCudnn/cudnnActivation.go:109.16,111.3 1 0
github.com/dereklstinson/GoCudnn/cudnnActivation.go:119.88,125.2 5 0
github.com/dereklstinson/GoCudnn/cudnnActivation.go:128.49,130.2 1 0
github.com/dereklstinson/GoCudnn/cudnnActivation.go:140.20,142.2 1 0
github.com/dereklstinson/GoCudnn/cudnnActivation.go:156.18,158.2 1 0
github.com/dereklstinson/GoCudnn/cudnnActivation.go:171.54,173.2 1 0
github.com/dereklstinson/GoCudnn/cudnnActivation.go:176.51,178.2 1 0
github.com/dereklstinson/GoCudnn/cudnnActivation.go:181.51,183.2 1 0
github.com/dereklstinson/GoCudnn/cudnnActivation.go:186.58,188.2 1 0
github.com/dereklstinson/GoCudnn/cudnnActivation.go:191.50,193.2 1 0
github.com/dereklstinson/GoCudnn/cudnnActivation.go:196.55,198.2 1 0
github.com/dereklstinson/GoCudnn/cudnnActivation.go:199.53,199.90 1 0
github.com/dereklstinson/GoCudnn/cudnnOpTensor.go:22.141,25.16 3 0
github.com/dereklstinson/GoCudnn/cudnnOpTensor.go:28.2,29.16 2 0
github.com/dereklstinson/GoCudnn/cudnnOpTensor.go:32.2,32.48 1 0
github.com/dereklstinson/GoCudnn/cudnnOpTensor.go:25.16,27.3 1 0
github.com/dereklstinson/GoCudnn/cudnnOpTensor.go:29.16,31.3 1 0
github.com/dereklstinson/GoCudnn/cudnnOpTensor.go:36.83,43.2 5 0
github.com/dereklstinson/GoCudnn/cudnnOpTensor.go:44.40,46.2 1 0
github.com/dereklstinson/GoCudnn/cudnnOpTensor.go:49.47,52.2 1 0
github.com/dereklstinson/GoCudnn/cudnnOpTensor.go:70.20,85.2 2 0
github.com/dereklstinson/GoCudnn/cudnnOpTensor.go:95.40,97.2 1 0
github.com/dereklstinson/GoCudnn/cudnnOpTensor.go:100.40,102.2 1 0
github.com/dereklstinson/GoCudnn/cudnnOpTensor.go:105.40,107.2 1 0
github.com/dereklstinson/GoCudnn/cudnnOpTensor.go:110.40,112.2 1 0
github.com/dereklstinson/GoCudnn/cudnnOpTensor.go:115.41,117.2 1 0
github.com/dereklstinson/GoCudnn/cudnnOpTensor.go:120.40,122.2 1 0
github.com/dereklstinson/GoCudnn/cudnnOpTensor.go:123.45,123.78 1 0
github.com/dereklstinson/GoCudnn/xHandle.go:14.61,17.2 2 0
github.com/dereklstinson/GoCudnn/xHandle.go:40.46,43.2 2 0
github.com/dereklstinson/GoCudnn/xHandle.go:46.63,48.43 2 0
github.com/dereklstinson/GoCudnn/xHandle.go:51.2,51.41 1 0
github.com/dereklstinson/GoCudnn/xHandle.go:48.43,50.3 1 0
github.com/dereklstinson/GoCudnn/xHandle.go:55.86,60.16 4 0
github.com/dereklstinson/GoCudnn/xHandle.go:64.2,65.16 2 0
github.com/dereklstinson/GoCudnn/xHandle.go:69.2,70.16 2 0
github.com/dereklstinson/GoCudnn/xHandle.go:75.2,76.16 2 0
github.com/dereklstinson/GoCudnn/xHandle.go:80.2,81.16 2 0
github.com/dereklstinson/GoCudnn/xHandle.go:85.2,86.16 2 0
github.com/dereklstinson/GoCudnn/xHandle.go:91.2,98.8 1 0
github.com/dereklstinson/GoCudnn/xHandle.go:60.16,63.3 1 0
github.com/dereklstinson/GoCudnn/xHandle.go:65.16,68.3 1 0
github.com/dereklstinson/GoCudnn/xHandle.go:70.16,73.3 1 0
github.com/dereklstinson/GoCudnn/xHandle.go:76.16,79.3 1 0
github.com/dereklstinson/GoCudnn/xHandle.go:81.16,84.3 1 0
github.com/dereklstinson/GoCudnn/xHandle.go:86.16,89.3 1 0
github.com/dereklstinson/GoCudnn/xHandle.go:109.55,121.2 5 0
github.com/dereklstinson/GoCudnn/xHandle.go:134.61,135.26 1 0
github.com/dereklstinson/GoCudnn/xHandle.go:138.2,152.13 15 0
github.com/dereklstinson/GoCudnn/xHandle.go:135.26,137.3 1 0
github.com/dereklstinson/GoCudnn/xHandle.go:169.67,170.26 1 0
github.com/dereklstinson/GoCudnn/xHandle.go:173.2,199.13 25 0
github.com/dereklstinson/GoCudnn/xHandle.go:170.26,172.3 1 0
github.com/dereklstinson/GoCudnn/xHandle.go:201.28,202.11 1 0
github.com/dereklstinson/GoCudnn/xHandle.go:205.2,205.10 1 0
github.com/dereklstinson/GoCudnn/xHandle.go:202.11,204.3 1 0
github.com/dereklstinson/GoCudnn/xHandle.go:207.32,209.2 1 0
github.com/dereklstinson/GoCudnn/xHandle.go:210.32,212.2 1 0
github.com/dereklstinson/GoCudnn/xHandle.go:213.28,214.11 1 0
github.com/dereklstinson/GoCudnn/xHandle.go:217.2,217.10 1 0
github.com/dereklstinson/GoCudnn/xHandle.go:214.11,216.3 1 0
github.com/dereklstinson/GoCudnn/cuda.go:10.13,13.16 2 1
github.com/dereklstinson/GoCudnn/cuda.go:13.16,14.13 1 0
github.com/dereklstinson/GoCudnn/cuda.go:32.51,35.16 2 0
github.com/dereklstinson/GoCudnn/cuda.go:38.2,40.28 3 0
github.com/dereklstinson/GoCudnn/cuda.go:59.2,59.15 1 0
github.com/dereklstinson/GoCudnn/cuda.go:35.16,37.3 1 0
github.com/dereklstinson/GoCudnn/cuda.go:40.28,43.17 3 0
github.com/dereklstinson/GoCudnn/cuda.go:46.3,49.17 4 0
github.com/dereklstinson/GoCudnn/cuda.go:52.3,53.17 2 0
github.com/dereklstinson/GoCudnn/cuda.go:57.3,57.88 1 0
github.com/dereklstinson/GoCudnn/cuda.go:43.17,45.4 1 0
github.com/dereklstinson/GoCudnn/cuda.go:49.17,51.4 1 0
github.com/dereklstinson/GoCudnn/cuda.go:53.17,55.4 1 0
github.com/dereklstinson/GoCudnn/cuda.go:63.44,67.2 3 0
github.com/dereklstinson/GoCudnn/cuda.go:70.55,72.16 2 0
github.com/dereklstinson/GoCudnn/cuda.go:75.2,75.101 1 0
github.com/dereklstinson/GoCudnn/cuda.go:72.16,74.3 1 0
github.com/dereklstinson/GoCudnn/cuda.go:82.41,84.2 1 0
github.com/dereklstinson/GoCudnn/cuda.go:85.72,89.2 3 0
github.com/dereklstinson/GoCudnn/cuda.go:92.52,96.16 4 0
github.com/dereklstinson/GoCudnn/cuda.go:99.2,100.16 2 0
github.com/dereklstinson/GoCudnn/cuda.go:103.2,104.16 2 0
github.com/dereklstinson/GoCudnn/cuda.go:107.2,107.17 1 0
github.com/dereklstinson/GoCudnn/cuda.go:96.16,98.3 1 0
github.com/dereklstinson/GoCudnn/cuda.go:100.16,102.3 1 0
github.com/dereklstinson/GoCudnn/cuda.go:104.16,106.3 1 0
github.com/dereklstinson/GoCudnn/cuda.go:111.51,115.16 4 0
github.com/dereklstinson/GoCudnn/cuda.go:118.2,119.16 2 0
github.com/dereklstinson/GoCudnn/cuda.go:122.2,123.16 2 0
github.com/dereklstinson/GoCudnn/cuda.go:126.2,126.17 1 0
github.com/dereklstinson/GoCudnn/cuda.go:115.16,117.3 1 0
github.com/dereklstinson/GoCudnn/cuda.go:119.16,121.3 1 0
github.com/dereklstinson/GoCudnn/cuda.go:123.16,125.3 1 0
github.com/dereklstinson/GoCudnn/cuda.go:130.54,132.2 1 0
github.com/dereklstinson/GoCudnn/cuda.go:135.55,137.2 1 0
github.com/dereklstinson/GoCudnn/cuda.go:140.63,142.2 1 0
github.com/dereklstinson/GoCudnn/cuda.go:145.32,148.16 2 0
github.com/dereklstinson/GoCudnn/cuda.go:151.2,153.36 2 0
github.com/dereklstinson/GoCudnn/cuda.go:148.16,150.3 1 0
github.com/dereklstinson/GoCudnn/cuda.go:158.30,160.2 1 0
github.com/dereklstinson/GoCudnn/cuda.go:163.57,165.36 2 0
github.com/dereklstinson/GoCudnn/cuda.go:168.2,168.94 1 0
github.com/dereklstinson/GoCudnn/cuda.go:165.36,167.3 1 0
github.com/dereklstinson/GoCudnn/cuda.go:173.60,180.2 3 0
github.com/dereklstinson/GoCudnn/cuda.go:183.30,185.2 1 0
github.com/dereklstinson/GoCudnn/cuda.go:188.30,190.2 1 0
github.com/dereklstinson/GoCudnn/cuda.go:193.33,195.2 1 1
github.com/dereklstinson/GoCudnn/cuda.go:198.35,200.2 1 0
